[INFO] [2025-04-17 13:16:55,513] [train_polygons.py:458] Starting RGB color prediction model training with completely separate pathways
[INFO] [2025-04-17 13:16:55,514] [train_polygons.py:473] Found 14 JSON files for training
[INFO] [2025-04-17 13:16:55,514] [train_polygons.py:475]   - abstract_art.json
[INFO] [2025-04-17 13:16:55,515] [train_polygons.py:475]   - car.json
[INFO] [2025-04-17 13:16:55,515] [train_polygons.py:475]   - color_conflict.json
[INFO] [2025-04-17 13:16:55,516] [train_polygons.py:475]   - complex64.json
[INFO] [2025-04-17 13:16:55,516] [train_polygons.py:475]   - face.json
[INFO] [2025-04-17 13:16:55,517] [train_polygons.py:475]   - flags.json
[INFO] [2025-04-17 13:16:55,517] [train_polygons.py:475]   - house.json
[INFO] [2025-04-17 13:16:55,517] [train_polygons.py:475]   - landscape.json
[INFO] [2025-04-17 13:16:55,517] [train_polygons.py:475]   - logo.json
[INFO] [2025-04-17 13:16:55,518] [train_polygons.py:475]   - nested_shapes.json
[INFO] [2025-04-17 13:16:55,518] [train_polygons.py:475]   - rgb_explicit_test.json
[INFO] [2025-04-17 13:16:55,518] [train_polygons.py:475]   - semantic_colors.json
[INFO] [2025-04-17 13:16:55,518] [train_polygons.py:475]   - shapes.json
[INFO] [2025-04-17 13:16:55,519] [train_polygons.py:475]   - shapes2.json
[INFO] [2025-04-17 13:16:55,519] [train_polygons.py:481] Loading shapes data from: C:\Users\raman\OneDrive\Documents\GitHub\color_picker_model\shapes_jsons\abstract_art.json
[INFO] [2025-04-17 13:16:55,519] [train_polygons.py:484] Loaded 11 shapes from abstract_art.json
[INFO] [2025-04-17 13:16:55,520] [train_polygons.py:481] Loading shapes data from: C:\Users\raman\OneDrive\Documents\GitHub\color_picker_model\shapes_jsons\car.json
[INFO] [2025-04-17 13:16:55,520] [train_polygons.py:484] Loaded 7 shapes from car.json
[INFO] [2025-04-17 13:16:55,520] [train_polygons.py:481] Loading shapes data from: C:\Users\raman\OneDrive\Documents\GitHub\color_picker_model\shapes_jsons\color_conflict.json
[INFO] [2025-04-17 13:16:55,521] [train_polygons.py:484] Loaded 9 shapes from color_conflict.json
[INFO] [2025-04-17 13:16:55,521] [train_polygons.py:481] Loading shapes data from: C:\Users\raman\OneDrive\Documents\GitHub\color_picker_model\shapes_jsons\complex64.json
[INFO] [2025-04-17 13:16:55,522] [train_polygons.py:484] Loaded 65 shapes from complex64.json
[INFO] [2025-04-17 13:16:55,522] [train_polygons.py:481] Loading shapes data from: C:\Users\raman\OneDrive\Documents\GitHub\color_picker_model\shapes_jsons\face.json
[INFO] [2025-04-17 13:16:55,525] [train_polygons.py:484] Loaded 11 shapes from face.json
[INFO] [2025-04-17 13:16:55,526] [train_polygons.py:481] Loading shapes data from: C:\Users\raman\OneDrive\Documents\GitHub\color_picker_model\shapes_jsons\flags.json
[INFO] [2025-04-17 13:16:55,526] [train_polygons.py:484] Loaded 18 shapes from flags.json
[INFO] [2025-04-17 13:16:55,527] [train_polygons.py:481] Loading shapes data from: C:\Users\raman\OneDrive\Documents\GitHub\color_picker_model\shapes_jsons\house.json
[INFO] [2025-04-17 13:16:55,527] [train_polygons.py:484] Loaded 7 shapes from house.json
[INFO] [2025-04-17 13:16:55,528] [train_polygons.py:481] Loading shapes data from: C:\Users\raman\OneDrive\Documents\GitHub\color_picker_model\shapes_jsons\landscape.json
[INFO] [2025-04-17 13:16:55,528] [train_polygons.py:484] Loaded 9 shapes from landscape.json
[INFO] [2025-04-17 13:16:55,528] [train_polygons.py:481] Loading shapes data from: C:\Users\raman\OneDrive\Documents\GitHub\color_picker_model\shapes_jsons\logo.json
[INFO] [2025-04-17 13:16:55,529] [train_polygons.py:484] Loaded 9 shapes from logo.json
[INFO] [2025-04-17 13:16:55,529] [train_polygons.py:481] Loading shapes data from: C:\Users\raman\OneDrive\Documents\GitHub\color_picker_model\shapes_jsons\nested_shapes.json
[INFO] [2025-04-17 13:16:55,529] [train_polygons.py:484] Loaded 9 shapes from nested_shapes.json
[INFO] [2025-04-17 13:16:55,530] [train_polygons.py:481] Loading shapes data from: C:\Users\raman\OneDrive\Documents\GitHub\color_picker_model\shapes_jsons\rgb_explicit_test.json
[INFO] [2025-04-17 13:16:55,530] [train_polygons.py:484] Loaded 8 shapes from rgb_explicit_test.json
[INFO] [2025-04-17 13:16:55,531] [train_polygons.py:481] Loading shapes data from: C:\Users\raman\OneDrive\Documents\GitHub\color_picker_model\shapes_jsons\semantic_colors.json
[INFO] [2025-04-17 13:16:55,532] [train_polygons.py:484] Loaded 10 shapes from semantic_colors.json
[INFO] [2025-04-17 13:16:55,532] [train_polygons.py:481] Loading shapes data from: C:\Users\raman\OneDrive\Documents\GitHub\color_picker_model\shapes_jsons\shapes.json
[INFO] [2025-04-17 13:16:55,533] [train_polygons.py:484] Loaded 3 shapes from shapes.json
[INFO] [2025-04-17 13:16:55,533] [train_polygons.py:481] Loading shapes data from: C:\Users\raman\OneDrive\Documents\GitHub\color_picker_model\shapes_jsons\shapes2.json
[INFO] [2025-04-17 13:16:55,534] [train_polygons.py:484] Loaded 4 shapes from shapes2.json
[INFO] [2025-04-17 13:16:55,534] [train_polygons.py:494] Total shapes loaded: 180
[INFO] [2025-04-17 13:16:55,535] [train_polygons.py:500] Canvas size (for reference): width=2001, height=1501
[INFO] [2025-04-17 13:16:55,535] [train_polygons.py:504] Using device: cpu
[INFO] [2025-04-17 13:16:55,535] [train_polygons.py:507] Loading CLIP model...
[INFO] [2025-04-17 13:16:59,298] [train_polygons.py:510] CLIP model loaded successfully.
[INFO] [2025-04-17 13:16:59,320] [train_polygons.py:279] Constructed dataset with 180 total samples
[INFO] [2025-04-17 13:16:59,321] [train_polygons.py:280] All samples use algorithmically generated RGB values (no extracted colors)
[INFO] [2025-04-17 13:16:59,357] [train_polygons.py:520] CLIP text embedding dimension: 512
[INFO] [2025-04-17 13:16:59,363] [train_polygons.py:206] Model created with completely separate pathways for parent, polygon, and child
[INFO] [2025-04-17 13:16:59,364] [train_polygons.py:207] Each pathway independently predicts RGB values that are then weighted and combined
[INFO] [2025-04-17 13:16:59,364] [train_polygons.py:530] Created RGB prediction model with three completely separate pathways that each predict RGB values
[INFO] [2025-04-17 13:16:59,365] [train_polygons.py:539] Using AdamW optimizer with learning rate 1e-3 and weight decay 1e-4
[INFO] [2025-04-17 13:16:59,366] [train_polygons.py:335] Starting 50-epoch training with batch size 16, intentionally allowing overfitting
[INFO] [2025-04-17 13:16:59,367] [train_polygons.py:336] Training on 144 samples, validating on 36 samples
[INFO] [2025-04-17 13:16:59,371] [train_polygons.py:341] Initial pathway weights: Parent=0.3333, Polygon=0.3333, Child=0.3333
[INFO] [2025-04-17 13:17:11,696] [train_polygons.py:442] Current pathway weights: Parent=0.3356, Polygon=0.3328, Child=0.3316
[INFO] [2025-04-17 13:17:11,697] [train_polygons.py:445] Epoch 1/50: Train Loss = 5237.5745, Val Loss = 4741.7348, Avg RGB Distance = 113.82, Accuracy: Train = 0.00%, Val = 0.00%, Overfitting = 0.00%
[INFO] [2025-04-17 13:17:23,816] [train_polygons.py:442] Current pathway weights: Parent=0.3371, Polygon=0.3327, Child=0.3302
[INFO] [2025-04-17 13:17:23,816] [train_polygons.py:445] Epoch 2/50: Train Loss = 5052.1149, Val Loss = 4752.5336, Avg RGB Distance = 113.83, Accuracy: Train = 0.00%, Val = 0.00%, Overfitting = 0.00%
[INFO] [2025-04-17 13:17:35,864] [train_polygons.py:442] Current pathway weights: Parent=0.3387, Polygon=0.3325, Child=0.3288
[INFO] [2025-04-17 13:17:35,864] [train_polygons.py:445] Epoch 3/50: Train Loss = 4909.7788, Val Loss = 4832.3280, Avg RGB Distance = 113.98, Accuracy: Train = 0.00%, Val = 0.00%, Overfitting = 0.00%
[INFO] [2025-04-17 13:17:47,404] [train_polygons.py:442] Current pathway weights: Parent=0.3414, Polygon=0.3301, Child=0.3285
[INFO] [2025-04-17 13:17:47,405] [train_polygons.py:445] Epoch 4/50: Train Loss = 4863.0591, Val Loss = 4808.3418, Avg RGB Distance = 113.08, Accuracy: Train = 0.00%, Val = 0.00%, Overfitting = 0.00%
[INFO] [2025-04-17 13:18:00,337] [train_polygons.py:442] Current pathway weights: Parent=0.3440, Polygon=0.3270, Child=0.3290
[INFO] [2025-04-17 13:18:00,337] [train_polygons.py:445] Epoch 5/50: Train Loss = 4765.0649, Val Loss = 4678.9112, Avg RGB Distance = 111.48, Accuracy: Train = 0.00%, Val = 0.00%, Overfitting = 0.00%
[INFO] [2025-04-17 13:18:13,175] [train_polygons.py:442] Current pathway weights: Parent=0.3462, Polygon=0.3239, Child=0.3299
[INFO] [2025-04-17 13:18:13,176] [train_polygons.py:445] Epoch 6/50: Train Loss = 4705.1210, Val Loss = 4633.8672, Avg RGB Distance = 110.55, Accuracy: Train = 0.00%, Val = 0.00%, Overfitting = 0.00%
[INFO] [2025-04-17 13:18:26,793] [train_polygons.py:442] Current pathway weights: Parent=0.3474, Polygon=0.3206, Child=0.3320
[INFO] [2025-04-17 13:18:26,794] [train_polygons.py:445] Epoch 7/50: Train Loss = 4582.3361, Val Loss = 4596.6019, Avg RGB Distance = 109.76, Accuracy: Train = 0.00%, Val = 0.00%, Overfitting = 0.00%
[INFO] [2025-04-17 13:18:39,717] [train_polygons.py:442] Current pathway weights: Parent=0.3482, Polygon=0.3171, Child=0.3347
[INFO] [2025-04-17 13:18:39,718] [train_polygons.py:445] Epoch 8/50: Train Loss = 4494.2116, Val Loss = 4701.5190, Avg RGB Distance = 109.96, Accuracy: Train = 0.00%, Val = 0.00%, Overfitting = 0.00%
[INFO] [2025-04-17 13:18:52,728] [train_polygons.py:442] Current pathway weights: Parent=0.3486, Polygon=0.3136, Child=0.3377
[INFO] [2025-04-17 13:18:52,728] [train_polygons.py:445] Epoch 9/50: Train Loss = 4312.3152, Val Loss = 4649.0428, Avg RGB Distance = 109.06, Accuracy: Train = 1.39%, Val = 0.00%, Overfitting = 1.39%
[INFO] [2025-04-17 13:19:05,807] [train_polygons.py:442] Current pathway weights: Parent=0.3486, Polygon=0.3098, Child=0.3417
[INFO] [2025-04-17 13:19:05,808] [train_polygons.py:445] Epoch 10/50: Train Loss = 4247.6206, Val Loss = 4651.0664, Avg RGB Distance = 108.71, Accuracy: Train = 1.39%, Val = 8.33%, Overfitting = -6.94%
[INFO] [2025-04-17 13:19:20,151] [train_polygons.py:442] Current pathway weights: Parent=0.3475, Polygon=0.3063, Child=0.3463
[INFO] [2025-04-17 13:19:20,152] [train_polygons.py:445] Epoch 11/50: Train Loss = 4050.7170, Val Loss = 4699.5890, Avg RGB Distance = 108.46, Accuracy: Train = 4.17%, Val = 11.11%, Overfitting = -6.94%
[INFO] [2025-04-17 13:19:35,173] [train_polygons.py:442] Current pathway weights: Parent=0.3463, Polygon=0.3026, Child=0.3511
[INFO] [2025-04-17 13:19:35,173] [train_polygons.py:445] Epoch 12/50: Train Loss = 3822.9724, Val Loss = 4768.6281, Avg RGB Distance = 108.29, Accuracy: Train = 7.64%, Val = 11.11%, Overfitting = -3.47%
[INFO] [2025-04-17 13:19:56,034] [train_polygons.py:442] Current pathway weights: Parent=0.3444, Polygon=0.2993, Child=0.3563
[INFO] [2025-04-17 13:19:56,035] [train_polygons.py:445] Epoch 13/50: Train Loss = 3726.3665, Val Loss = 4802.9403, Avg RGB Distance = 108.68, Accuracy: Train = 9.72%, Val = 11.11%, Overfitting = -1.39%
[INFO] [2025-04-17 13:20:16,184] [train_polygons.py:442] Current pathway weights: Parent=0.3432, Polygon=0.2959, Child=0.3609
[INFO] [2025-04-17 13:20:16,185] [train_polygons.py:445] Epoch 14/50: Train Loss = 3510.5664, Val Loss = 4869.4519, Avg RGB Distance = 108.84, Accuracy: Train = 8.33%, Val = 8.33%, Overfitting = 0.00%
[INFO] [2025-04-17 13:20:31,792] [train_polygons.py:442] Current pathway weights: Parent=0.3409, Polygon=0.2927, Child=0.3664
[INFO] [2025-04-17 13:20:31,792] [train_polygons.py:445] Epoch 15/50: Train Loss = 3316.2364, Val Loss = 4942.9231, Avg RGB Distance = 109.67, Accuracy: Train = 8.33%, Val = 8.33%, Overfitting = 0.00%
[INFO] [2025-04-17 13:20:44,457] [train_polygons.py:442] Current pathway weights: Parent=0.3382, Polygon=0.2895, Child=0.3724
[INFO] [2025-04-17 13:20:44,458] [train_polygons.py:445] Epoch 16/50: Train Loss = 3190.2542, Val Loss = 5039.3970, Avg RGB Distance = 110.07, Accuracy: Train = 9.03%, Val = 8.33%, Overfitting = 0.69%
[INFO] [2025-04-17 13:20:57,899] [train_polygons.py:442] Current pathway weights: Parent=0.3354, Polygon=0.2866, Child=0.3780
[INFO] [2025-04-17 13:20:57,899] [train_polygons.py:445] Epoch 17/50: Train Loss = 3026.1453, Val Loss = 5149.0566, Avg RGB Distance = 110.86, Accuracy: Train = 9.03%, Val = 11.11%, Overfitting = -2.08%
[INFO] [2025-04-17 13:21:12,015] [train_polygons.py:442] Current pathway weights: Parent=0.3330, Polygon=0.2835, Child=0.3835
[INFO] [2025-04-17 13:21:12,016] [train_polygons.py:445] Epoch 18/50: Train Loss = 2833.7134, Val Loss = 5201.8794, Avg RGB Distance = 111.61, Accuracy: Train = 8.33%, Val = 11.11%, Overfitting = -2.78%
[INFO] [2025-04-17 13:21:25,817] [train_polygons.py:442] Current pathway weights: Parent=0.3300, Polygon=0.2809, Child=0.3891
[INFO] [2025-04-17 13:21:25,818] [train_polygons.py:445] Epoch 19/50: Train Loss = 2725.7592, Val Loss = 5246.0600, Avg RGB Distance = 111.96, Accuracy: Train = 8.33%, Val = 5.56%, Overfitting = 2.78%
[INFO] [2025-04-17 13:21:39,195] [train_polygons.py:442] Current pathway weights: Parent=0.3274, Polygon=0.2782, Child=0.3944
[INFO] [2025-04-17 13:21:39,196] [train_polygons.py:445] Epoch 20/50: Train Loss = 2612.4138, Val Loss = 5373.6439, Avg RGB Distance = 112.96, Accuracy: Train = 9.72%, Val = 8.33%, Overfitting = 1.39%
[INFO] [2025-04-17 13:21:55,368] [train_polygons.py:442] Current pathway weights: Parent=0.3245, Polygon=0.2754, Child=0.4000
[INFO] [2025-04-17 13:21:55,369] [train_polygons.py:445] Epoch 21/50: Train Loss = 2455.8854, Val Loss = 5395.0263, Avg RGB Distance = 113.14, Accuracy: Train = 7.64%, Val = 5.56%, Overfitting = 2.08%
[INFO] [2025-04-17 13:22:13,286] [train_polygons.py:442] Current pathway weights: Parent=0.3217, Polygon=0.2729, Child=0.4055
[INFO] [2025-04-17 13:22:13,287] [train_polygons.py:445] Epoch 22/50: Train Loss = 2460.1567, Val Loss = 5497.7024, Avg RGB Distance = 114.36, Accuracy: Train = 6.94%, Val = 8.33%, Overfitting = -1.39%
[INFO] [2025-04-17 13:22:28,349] [train_polygons.py:442] Current pathway weights: Parent=0.3194, Polygon=0.2704, Child=0.4103
[INFO] [2025-04-17 13:22:28,350] [train_polygons.py:445] Epoch 23/50: Train Loss = 2246.2399, Val Loss = 5589.9320, Avg RGB Distance = 114.80, Accuracy: Train = 10.42%, Val = 5.56%, Overfitting = 4.86%
[INFO] [2025-04-17 13:22:42,252] [train_polygons.py:442] Current pathway weights: Parent=0.3167, Polygon=0.2680, Child=0.4153
[INFO] [2025-04-17 13:22:42,252] [train_polygons.py:445] Epoch 24/50: Train Loss = 2223.9584, Val Loss = 5643.9762, Avg RGB Distance = 115.08, Accuracy: Train = 6.25%, Val = 8.33%, Overfitting = -2.08%
[INFO] [2025-04-17 13:22:59,977] [train_polygons.py:442] Current pathway weights: Parent=0.3140, Polygon=0.2656, Child=0.4204
[INFO] [2025-04-17 13:22:59,978] [train_polygons.py:445] Epoch 25/50: Train Loss = 2111.5535, Val Loss = 5704.8338, Avg RGB Distance = 116.25, Accuracy: Train = 6.94%, Val = 5.56%, Overfitting = 1.39%
[INFO] [2025-04-17 13:23:13,719] [train_polygons.py:442] Current pathway weights: Parent=0.3113, Polygon=0.2631, Child=0.4256
[INFO] [2025-04-17 13:23:13,720] [train_polygons.py:445] Epoch 26/50: Train Loss = 1934.4978, Val Loss = 5793.0408, Avg RGB Distance = 116.77, Accuracy: Train = 10.42%, Val = 8.33%, Overfitting = 2.08%
[INFO] [2025-04-17 13:23:29,675] [train_polygons.py:442] Current pathway weights: Parent=0.3083, Polygon=0.2605, Child=0.4313
[INFO] [2025-04-17 13:23:29,676] [train_polygons.py:445] Epoch 27/50: Train Loss = 1876.5774, Val Loss = 5888.4780, Avg RGB Distance = 117.50, Accuracy: Train = 11.81%, Val = 2.78%, Overfitting = 9.03%
[INFO] [2025-04-17 13:23:45,493] [train_polygons.py:442] Current pathway weights: Parent=0.3054, Polygon=0.2580, Child=0.4366
[INFO] [2025-04-17 13:23:45,493] [train_polygons.py:445] Epoch 28/50: Train Loss = 1876.1843, Val Loss = 5966.8766, Avg RGB Distance = 118.74, Accuracy: Train = 9.03%, Val = 2.78%, Overfitting = 6.25%
[INFO] [2025-04-17 13:24:02,464] [train_polygons.py:442] Current pathway weights: Parent=0.3024, Polygon=0.2556, Child=0.4419
[INFO] [2025-04-17 13:24:02,465] [train_polygons.py:445] Epoch 29/50: Train Loss = 1763.3326, Val Loss = 6081.9667, Avg RGB Distance = 120.11, Accuracy: Train = 9.03%, Val = 2.78%, Overfitting = 6.25%
[INFO] [2025-04-17 13:24:16,344] [train_polygons.py:442] Current pathway weights: Parent=0.2999, Polygon=0.2533, Child=0.4468
[INFO] [2025-04-17 13:24:16,345] [train_polygons.py:445] Epoch 30/50: Train Loss = 1686.4315, Val Loss = 6112.1941, Avg RGB Distance = 120.59, Accuracy: Train = 7.64%, Val = 2.78%, Overfitting = 4.86%
[INFO] [2025-04-17 13:24:30,844] [train_polygons.py:442] Current pathway weights: Parent=0.2970, Polygon=0.2507, Child=0.4523
[INFO] [2025-04-17 13:24:30,845] [train_polygons.py:445] Epoch 31/50: Train Loss = 1593.4256, Val Loss = 6172.5186, Avg RGB Distance = 120.71, Accuracy: Train = 11.11%, Val = 2.78%, Overfitting = 8.33%
[INFO] [2025-04-17 13:24:44,534] [train_polygons.py:442] Current pathway weights: Parent=0.2945, Polygon=0.2482, Child=0.4574
[INFO] [2025-04-17 13:24:44,535] [train_polygons.py:445] Epoch 32/50: Train Loss = 1669.4412, Val Loss = 6309.0405, Avg RGB Distance = 122.04, Accuracy: Train = 9.72%, Val = 2.78%, Overfitting = 6.94%
[INFO] [2025-04-17 13:25:01,143] [train_polygons.py:442] Current pathway weights: Parent=0.2921, Polygon=0.2458, Child=0.4621
[INFO] [2025-04-17 13:25:01,144] [train_polygons.py:445] Epoch 33/50: Train Loss = 1440.2457, Val Loss = 6431.5761, Avg RGB Distance = 123.05, Accuracy: Train = 15.28%, Val = 0.00%, Overfitting = 15.28%
[INFO] [2025-04-17 13:25:19,183] [train_polygons.py:442] Current pathway weights: Parent=0.2894, Polygon=0.2435, Child=0.4671
[INFO] [2025-04-17 13:25:19,183] [train_polygons.py:445] Epoch 34/50: Train Loss = 1447.7371, Val Loss = 6493.3758, Avg RGB Distance = 123.99, Accuracy: Train = 13.19%, Val = 2.78%, Overfitting = 10.42%
[INFO] [2025-04-17 13:25:37,396] [train_polygons.py:442] Current pathway weights: Parent=0.2866, Polygon=0.2412, Child=0.4722
[INFO] [2025-04-17 13:25:37,397] [train_polygons.py:445] Epoch 35/50: Train Loss = 1401.2080, Val Loss = 6508.4328, Avg RGB Distance = 123.54, Accuracy: Train = 11.81%, Val = 2.78%, Overfitting = 9.03%
[INFO] [2025-04-17 13:25:55,408] [train_polygons.py:442] Current pathway weights: Parent=0.2839, Polygon=0.2389, Child=0.4772
[INFO] [2025-04-17 13:25:55,408] [train_polygons.py:445] Epoch 36/50: Train Loss = 1309.3375, Val Loss = 6560.0240, Avg RGB Distance = 124.30, Accuracy: Train = 12.50%, Val = 2.78%, Overfitting = 9.72%
[INFO] [2025-04-17 13:26:13,025] [train_polygons.py:442] Current pathway weights: Parent=0.2812, Polygon=0.2367, Child=0.4821
[INFO] [2025-04-17 13:26:13,026] [train_polygons.py:445] Epoch 37/50: Train Loss = 1380.8756, Val Loss = 6607.0251, Avg RGB Distance = 125.79, Accuracy: Train = 9.03%, Val = 2.78%, Overfitting = 6.25%
[INFO] [2025-04-17 13:26:30,918] [train_polygons.py:442] Current pathway weights: Parent=0.2789, Polygon=0.2347, Child=0.4863
[INFO] [2025-04-17 13:26:30,918] [train_polygons.py:445] Epoch 38/50: Train Loss = 1328.8435, Val Loss = 6672.8212, Avg RGB Distance = 125.56, Accuracy: Train = 13.89%, Val = 2.78%, Overfitting = 11.11%
[INFO] [2025-04-17 13:26:48,161] [train_polygons.py:442] Current pathway weights: Parent=0.2764, Polygon=0.2328, Child=0.4909
[INFO] [2025-04-17 13:26:48,162] [train_polygons.py:445] Epoch 39/50: Train Loss = 1233.6683, Val Loss = 6637.4778, Avg RGB Distance = 125.64, Accuracy: Train = 14.58%, Val = 2.78%, Overfitting = 11.81%
[INFO] [2025-04-17 13:27:05,536] [train_polygons.py:442] Current pathway weights: Parent=0.2736, Polygon=0.2305, Child=0.4959
[INFO] [2025-04-17 13:27:05,538] [train_polygons.py:445] Epoch 40/50: Train Loss = 1215.8126, Val Loss = 6676.8872, Avg RGB Distance = 126.06, Accuracy: Train = 9.72%, Val = 2.78%, Overfitting = 6.94%
[INFO] [2025-04-17 13:27:22,518] [train_polygons.py:442] Current pathway weights: Parent=0.2715, Polygon=0.2285, Child=0.5001
[INFO] [2025-04-17 13:27:22,518] [train_polygons.py:445] Epoch 41/50: Train Loss = 1187.9838, Val Loss = 6765.1465, Avg RGB Distance = 127.34, Accuracy: Train = 14.58%, Val = 2.78%, Overfitting = 11.81%
[INFO] [2025-04-17 13:27:38,111] [train_polygons.py:442] Current pathway weights: Parent=0.2692, Polygon=0.2266, Child=0.5043
[INFO] [2025-04-17 13:27:38,111] [train_polygons.py:445] Epoch 42/50: Train Loss = 1155.9734, Val Loss = 6816.6969, Avg RGB Distance = 126.86, Accuracy: Train = 12.50%, Val = 2.78%, Overfitting = 9.72%
[INFO] [2025-04-17 13:27:54,094] [train_polygons.py:442] Current pathway weights: Parent=0.2668, Polygon=0.2245, Child=0.5088
[INFO] [2025-04-17 13:27:54,095] [train_polygons.py:445] Epoch 43/50: Train Loss = 1120.2821, Val Loss = 6727.1338, Avg RGB Distance = 126.82, Accuracy: Train = 18.75%, Val = 0.00%, Overfitting = 18.75%
[INFO] [2025-04-17 13:28:09,782] [train_polygons.py:442] Current pathway weights: Parent=0.2645, Polygon=0.2223, Child=0.5132
[INFO] [2025-04-17 13:28:09,783] [train_polygons.py:445] Epoch 44/50: Train Loss = 1117.9659, Val Loss = 6812.7951, Avg RGB Distance = 127.44, Accuracy: Train = 19.44%, Val = 2.78%, Overfitting = 16.67%
[INFO] [2025-04-17 13:28:25,847] [train_polygons.py:442] Current pathway weights: Parent=0.2625, Polygon=0.2204, Child=0.5171
[INFO] [2025-04-17 13:28:25,848] [train_polygons.py:445] Epoch 45/50: Train Loss = 1126.8872, Val Loss = 6862.4964, Avg RGB Distance = 128.56, Accuracy: Train = 15.28%, Val = 2.78%, Overfitting = 12.50%
[INFO] [2025-04-17 13:28:41,248] [train_polygons.py:442] Current pathway weights: Parent=0.2607, Polygon=0.2187, Child=0.5205
[INFO] [2025-04-17 13:28:41,248] [train_polygons.py:445] Epoch 46/50: Train Loss = 1068.8871, Val Loss = 6890.0490, Avg RGB Distance = 129.22, Accuracy: Train = 17.36%, Val = 0.00%, Overfitting = 17.36%
[INFO] [2025-04-17 13:28:57,724] [train_polygons.py:442] Current pathway weights: Parent=0.2587, Polygon=0.2169, Child=0.5243
[INFO] [2025-04-17 13:28:57,725] [train_polygons.py:445] Epoch 47/50: Train Loss = 944.0036, Val Loss = 6997.6676, Avg RGB Distance = 130.32, Accuracy: Train = 21.53%, Val = 2.78%, Overfitting = 18.75%
[INFO] [2025-04-17 13:29:14,330] [train_polygons.py:442] Current pathway weights: Parent=0.2567, Polygon=0.2150, Child=0.5283
[INFO] [2025-04-17 13:29:14,331] [train_polygons.py:445] Epoch 48/50: Train Loss = 1018.5534, Val Loss = 7083.5002, Avg RGB Distance = 131.48, Accuracy: Train = 18.06%, Val = 5.56%, Overfitting = 12.50%
[INFO] [2025-04-17 13:29:31,355] [train_polygons.py:442] Current pathway weights: Parent=0.2547, Polygon=0.2132, Child=0.5321
[INFO] [2025-04-17 13:29:31,356] [train_polygons.py:445] Epoch 49/50: Train Loss = 1034.0335, Val Loss = 7129.3378, Avg RGB Distance = 131.79, Accuracy: Train = 16.67%, Val = 2.78%, Overfitting = 13.89%
[INFO] [2025-04-17 13:29:47,949] [train_polygons.py:442] Current pathway weights: Parent=0.2527, Polygon=0.2115, Child=0.5357
[INFO] [2025-04-17 13:29:47,950] [train_polygons.py:445] Epoch 50/50: Train Loss = 943.8374, Val Loss = 7042.8166, Avg RGB Distance = 130.83, Accuracy: Train = 18.06%, Val = 2.78%, Overfitting = 15.28%
[INFO] [2025-04-17 13:29:47,951] [train_polygons.py:453] Final learned pathway weights: Parent=0.2527, Polygon=0.2115, Child=0.5357
[INFO] [2025-04-17 13:29:47,951] [train_polygons.py:551] Training complete after 50 epochs (intentionally allowing overfitting)
[INFO] [2025-04-17 13:29:47,961] [train_polygons.py:556] Saved separate pathways RGB model weights to: C:\Users\raman\OneDrive\Documents\GitHub\color_picker_model\rgb_model_separate_weights.pth
[INFO] [2025-04-17 13:29:47,963] [train_polygons.py:570] Saved model architecture information to: C:\Users\raman\OneDrive\Documents\GitHub\color_picker_model\rgb_model_separate_info.json
