[INFO] [2025-04-17 15:32:13,848] [train_polygons.py:346] Starting RGB color prediction model training using text descriptions ONLY (no polygon features)
[INFO] [2025-04-17 15:32:13,849] [train_polygons.py:361] Found 14 JSON files for training
[INFO] [2025-04-17 15:32:13,849] [train_polygons.py:363]   - abstract_art.json
[INFO] [2025-04-17 15:32:13,849] [train_polygons.py:363]   - car.json
[INFO] [2025-04-17 15:32:13,849] [train_polygons.py:363]   - color_conflict.json
[INFO] [2025-04-17 15:32:13,849] [train_polygons.py:363]   - complex64.json
[INFO] [2025-04-17 15:32:13,850] [train_polygons.py:363]   - face.json
[INFO] [2025-04-17 15:32:13,850] [train_polygons.py:363]   - flags.json
[INFO] [2025-04-17 15:32:13,850] [train_polygons.py:363]   - house.json
[INFO] [2025-04-17 15:32:13,850] [train_polygons.py:363]   - landscape.json
[INFO] [2025-04-17 15:32:13,850] [train_polygons.py:363]   - logo.json
[INFO] [2025-04-17 15:32:13,850] [train_polygons.py:363]   - nested_shapes.json
[INFO] [2025-04-17 15:32:13,850] [train_polygons.py:363]   - rgb_explicit_test.json
[INFO] [2025-04-17 15:32:13,852] [train_polygons.py:363]   - semantic_colors.json
[INFO] [2025-04-17 15:32:13,852] [train_polygons.py:363]   - shapes.json
[INFO] [2025-04-17 15:32:13,852] [train_polygons.py:363]   - shapes2.json
[INFO] [2025-04-17 15:32:13,853] [train_polygons.py:369] Loading shapes data from: C:\Users\raman\OneDrive\Documents\GitHub\color_picker_model\shapes_jsons\abstract_art.json
[INFO] [2025-04-17 15:32:13,853] [train_polygons.py:372] Loaded 11 shapes from abstract_art.json
[INFO] [2025-04-17 15:32:13,853] [train_polygons.py:369] Loading shapes data from: C:\Users\raman\OneDrive\Documents\GitHub\color_picker_model\shapes_jsons\car.json
[INFO] [2025-04-17 15:32:13,853] [train_polygons.py:372] Loaded 7 shapes from car.json
[INFO] [2025-04-17 15:32:13,854] [train_polygons.py:369] Loading shapes data from: C:\Users\raman\OneDrive\Documents\GitHub\color_picker_model\shapes_jsons\color_conflict.json
[INFO] [2025-04-17 15:32:13,854] [train_polygons.py:372] Loaded 9 shapes from color_conflict.json
[INFO] [2025-04-17 15:32:13,855] [train_polygons.py:369] Loading shapes data from: C:\Users\raman\OneDrive\Documents\GitHub\color_picker_model\shapes_jsons\complex64.json
[INFO] [2025-04-17 15:32:13,855] [train_polygons.py:372] Loaded 65 shapes from complex64.json
[INFO] [2025-04-17 15:32:13,855] [train_polygons.py:369] Loading shapes data from: C:\Users\raman\OneDrive\Documents\GitHub\color_picker_model\shapes_jsons\face.json
[INFO] [2025-04-17 15:32:13,857] [train_polygons.py:372] Loaded 11 shapes from face.json
[INFO] [2025-04-17 15:32:13,857] [train_polygons.py:369] Loading shapes data from: C:\Users\raman\OneDrive\Documents\GitHub\color_picker_model\shapes_jsons\flags.json
[INFO] [2025-04-17 15:32:13,858] [train_polygons.py:372] Loaded 18 shapes from flags.json
[INFO] [2025-04-17 15:32:13,858] [train_polygons.py:369] Loading shapes data from: C:\Users\raman\OneDrive\Documents\GitHub\color_picker_model\shapes_jsons\house.json
[INFO] [2025-04-17 15:32:13,859] [train_polygons.py:372] Loaded 7 shapes from house.json
[INFO] [2025-04-17 15:32:13,859] [train_polygons.py:369] Loading shapes data from: C:\Users\raman\OneDrive\Documents\GitHub\color_picker_model\shapes_jsons\landscape.json
[INFO] [2025-04-17 15:32:13,859] [train_polygons.py:372] Loaded 9 shapes from landscape.json
[INFO] [2025-04-17 15:32:13,860] [train_polygons.py:369] Loading shapes data from: C:\Users\raman\OneDrive\Documents\GitHub\color_picker_model\shapes_jsons\logo.json
[INFO] [2025-04-17 15:32:13,860] [train_polygons.py:372] Loaded 9 shapes from logo.json
[INFO] [2025-04-17 15:32:13,860] [train_polygons.py:369] Loading shapes data from: C:\Users\raman\OneDrive\Documents\GitHub\color_picker_model\shapes_jsons\nested_shapes.json
[INFO] [2025-04-17 15:32:13,861] [train_polygons.py:372] Loaded 9 shapes from nested_shapes.json
[INFO] [2025-04-17 15:32:13,861] [train_polygons.py:369] Loading shapes data from: C:\Users\raman\OneDrive\Documents\GitHub\color_picker_model\shapes_jsons\rgb_explicit_test.json
[INFO] [2025-04-17 15:32:13,862] [train_polygons.py:372] Loaded 8 shapes from rgb_explicit_test.json
[INFO] [2025-04-17 15:32:13,862] [train_polygons.py:369] Loading shapes data from: C:\Users\raman\OneDrive\Documents\GitHub\color_picker_model\shapes_jsons\semantic_colors.json
[INFO] [2025-04-17 15:32:13,862] [train_polygons.py:372] Loaded 10 shapes from semantic_colors.json
[INFO] [2025-04-17 15:32:13,863] [train_polygons.py:369] Loading shapes data from: C:\Users\raman\OneDrive\Documents\GitHub\color_picker_model\shapes_jsons\shapes.json
[INFO] [2025-04-17 15:32:13,863] [train_polygons.py:372] Loaded 3 shapes from shapes.json
[INFO] [2025-04-17 15:32:13,863] [train_polygons.py:369] Loading shapes data from: C:\Users\raman\OneDrive\Documents\GitHub\color_picker_model\shapes_jsons\shapes2.json
[INFO] [2025-04-17 15:32:13,864] [train_polygons.py:372] Loaded 4 shapes from shapes2.json
[INFO] [2025-04-17 15:32:13,864] [train_polygons.py:382] Total shapes loaded: 180
[INFO] [2025-04-17 15:32:13,865] [train_polygons.py:388] Canvas size (for reference): width=2001, height=1501
[INFO] [2025-04-17 15:32:13,865] [train_polygons.py:392] Using device: cpu
[INFO] [2025-04-17 15:32:13,865] [train_polygons.py:395] Loading CLIP model...
[INFO] [2025-04-17 15:32:17,013] [train_polygons.py:398] CLIP model loaded successfully.
[INFO] [2025-04-17 15:32:17,014] [train_polygons.py:169] Constructed dataset with 180 total samples
[INFO] [2025-04-17 15:32:17,014] [train_polygons.py:170] Using only text descriptions (parent and child) with NO polygon geometry features
[INFO] [2025-04-17 15:32:17,054] [train_polygons.py:408] CLIP text embedding dimension: 512
[INFO] [2025-04-17 15:32:17,058] [train_polygons.py:103] Created text-only model with two pathways for parent and child descriptions
[INFO] [2025-04-17 15:32:17,058] [train_polygons.py:104] Child description pathway is weighted twice as heavily as parent description pathway
[INFO] [2025-04-17 15:32:17,059] [train_polygons.py:417] Created text-only RGB prediction model with two separate pathways for parent and child descriptions
[INFO] [2025-04-17 15:32:17,060] [train_polygons.py:418] Child descriptions are weighted twice as heavily as parent descriptions
[INFO] [2025-04-17 15:32:17,061] [train_polygons.py:427] Using AdamW optimizer with learning rate 1e-3 and weight decay 1e-4
[INFO] [2025-04-17 15:32:17,062] [train_polygons.py:225] Starting 200-epoch training with batch size 16, intentionally allowing overfitting
[INFO] [2025-04-17 15:32:17,062] [train_polygons.py:226] Training on 144 samples, validating on 36 samples
[INFO] [2025-04-17 15:32:17,063] [train_polygons.py:231] Initial pathway weights: Parent=0.2689, Child=0.7311
[INFO] [2025-04-17 15:32:30,438] [train_polygons.py:330] Current pathway weights: Parent=0.2704, Child=0.7296
[INFO] [2025-04-17 15:32:30,439] [train_polygons.py:333] Epoch 1/200: Train Loss = 4987.0627, Val Loss = 5157.5303, Avg RGB Distance = 120.02, Accuracy: Train = 0.00%, Val = 2.78%, Overfitting = -2.78%
[INFO] [2025-04-17 15:32:44,564] [train_polygons.py:330] Current pathway weights: Parent=0.2723, Child=0.7277
[INFO] [2025-04-17 15:32:44,564] [train_polygons.py:333] Epoch 2/200: Train Loss = 4841.0541, Val Loss = 5084.3184, Avg RGB Distance = 119.21, Accuracy: Train = 0.00%, Val = 2.78%, Overfitting = -2.78%
[INFO] [2025-04-17 15:32:58,942] [train_polygons.py:330] Current pathway weights: Parent=0.2743, Child=0.7257
[INFO] [2025-04-17 15:32:58,943] [train_polygons.py:333] Epoch 3/200: Train Loss = 4700.1942, Val Loss = 5043.5352, Avg RGB Distance = 118.45, Accuracy: Train = 0.00%, Val = 2.78%, Overfitting = -2.78%
[INFO] [2025-04-17 15:33:13,336] [train_polygons.py:330] Current pathway weights: Parent=0.2768, Child=0.7232
[INFO] [2025-04-17 15:33:13,337] [train_polygons.py:333] Epoch 4/200: Train Loss = 4561.0884, Val Loss = 5068.1394, Avg RGB Distance = 118.36, Accuracy: Train = 0.00%, Val = 0.00%, Overfitting = 0.00%
[INFO] [2025-04-17 15:33:28,217] [train_polygons.py:330] Current pathway weights: Parent=0.2787, Child=0.7213
[INFO] [2025-04-17 15:33:28,217] [train_polygons.py:333] Epoch 5/200: Train Loss = 4461.1779, Val Loss = 5123.3848, Avg RGB Distance = 118.61, Accuracy: Train = 0.00%, Val = 0.00%, Overfitting = 0.00%
[INFO] [2025-04-17 15:33:43,022] [train_polygons.py:330] Current pathway weights: Parent=0.2805, Child=0.7195
[INFO] [2025-04-17 15:33:43,023] [train_polygons.py:333] Epoch 6/200: Train Loss = 4368.9668, Val Loss = 5091.5569, Avg RGB Distance = 117.92, Accuracy: Train = 0.00%, Val = 0.00%, Overfitting = 0.00%
[INFO] [2025-04-17 15:33:58,352] [train_polygons.py:330] Current pathway weights: Parent=0.2814, Child=0.7186
[INFO] [2025-04-17 15:33:58,353] [train_polygons.py:333] Epoch 7/200: Train Loss = 4244.4401, Val Loss = 5056.7132, Avg RGB Distance = 117.47, Accuracy: Train = 0.00%, Val = 2.78%, Overfitting = -2.78%
[INFO] [2025-04-17 15:34:13,524] [train_polygons.py:330] Current pathway weights: Parent=0.2821, Child=0.7179
[INFO] [2025-04-17 15:34:13,525] [train_polygons.py:333] Epoch 8/200: Train Loss = 4133.8036, Val Loss = 5103.5602, Avg RGB Distance = 117.29, Accuracy: Train = 0.00%, Val = 2.78%, Overfitting = -2.78%
[INFO] [2025-04-17 15:34:28,766] [train_polygons.py:330] Current pathway weights: Parent=0.2825, Child=0.7175
[INFO] [2025-04-17 15:34:28,767] [train_polygons.py:333] Epoch 9/200: Train Loss = 3929.0751, Val Loss = 5095.6721, Avg RGB Distance = 116.91, Accuracy: Train = 0.00%, Val = 2.78%, Overfitting = -2.78%
[INFO] [2025-04-17 15:34:44,519] [train_polygons.py:330] Current pathway weights: Parent=0.2813, Child=0.7187
[INFO] [2025-04-17 15:34:44,520] [train_polygons.py:333] Epoch 10/200: Train Loss = 3741.2811, Val Loss = 5141.8551, Avg RGB Distance = 116.65, Accuracy: Train = 0.00%, Val = 2.78%, Overfitting = -2.78%
[INFO] [2025-04-17 15:35:00,004] [train_polygons.py:330] Current pathway weights: Parent=0.2794, Child=0.7206
[INFO] [2025-04-17 15:35:00,005] [train_polygons.py:333] Epoch 11/200: Train Loss = 3657.7598, Val Loss = 5272.9323, Avg RGB Distance = 116.30, Accuracy: Train = 0.69%, Val = 2.78%, Overfitting = -2.08%
[INFO] [2025-04-17 15:35:15,564] [train_polygons.py:330] Current pathway weights: Parent=0.2770, Child=0.7230
[INFO] [2025-04-17 15:35:15,565] [train_polygons.py:333] Epoch 12/200: Train Loss = 3469.9160, Val Loss = 5126.8379, Avg RGB Distance = 115.70, Accuracy: Train = 0.69%, Val = 2.78%, Overfitting = -2.08%
[INFO] [2025-04-17 15:35:31,272] [train_polygons.py:330] Current pathway weights: Parent=0.2741, Child=0.7259
[INFO] [2025-04-17 15:35:31,273] [train_polygons.py:333] Epoch 13/200: Train Loss = 3165.2324, Val Loss = 5185.2595, Avg RGB Distance = 114.89, Accuracy: Train = 3.47%, Val = 11.11%, Overfitting = -7.64%
[INFO] [2025-04-17 15:35:46,327] [train_polygons.py:330] Current pathway weights: Parent=0.2709, Child=0.7291
[INFO] [2025-04-17 15:35:46,328] [train_polygons.py:333] Epoch 14/200: Train Loss = 3040.7080, Val Loss = 5285.9393, Avg RGB Distance = 115.15, Accuracy: Train = 5.56%, Val = 11.11%, Overfitting = -5.56%
[INFO] [2025-04-17 15:36:01,642] [train_polygons.py:330] Current pathway weights: Parent=0.2675, Child=0.7325
[INFO] [2025-04-17 15:36:01,643] [train_polygons.py:333] Epoch 15/200: Train Loss = 2903.9159, Val Loss = 5307.5015, Avg RGB Distance = 115.88, Accuracy: Train = 5.56%, Val = 11.11%, Overfitting = -5.56%
[INFO] [2025-04-17 15:36:17,998] [train_polygons.py:330] Current pathway weights: Parent=0.2641, Child=0.7359
[INFO] [2025-04-17 15:36:17,999] [train_polygons.py:333] Epoch 16/200: Train Loss = 2685.8595, Val Loss = 5558.2661, Avg RGB Distance = 117.55, Accuracy: Train = 9.03%, Val = 11.11%, Overfitting = -2.08%
[INFO] [2025-04-17 15:36:33,890] [train_polygons.py:330] Current pathway weights: Parent=0.2615, Child=0.7385
[INFO] [2025-04-17 15:36:33,891] [train_polygons.py:333] Epoch 17/200: Train Loss = 2577.1339, Val Loss = 5494.1766, Avg RGB Distance = 117.85, Accuracy: Train = 5.56%, Val = 11.11%, Overfitting = -5.56%
[INFO] [2025-04-17 15:36:46,968] [train_polygons.py:330] Current pathway weights: Parent=0.2578, Child=0.7422
[INFO] [2025-04-17 15:36:46,968] [train_polygons.py:333] Epoch 18/200: Train Loss = 2466.1480, Val Loss = 5668.0009, Avg RGB Distance = 118.93, Accuracy: Train = 9.72%, Val = 11.11%, Overfitting = -1.39%
[INFO] [2025-04-17 15:36:59,744] [train_polygons.py:330] Current pathway weights: Parent=0.2549, Child=0.7451
[INFO] [2025-04-17 15:36:59,745] [train_polygons.py:333] Epoch 19/200: Train Loss = 2305.1981, Val Loss = 5698.6369, Avg RGB Distance = 119.24, Accuracy: Train = 11.11%, Val = 11.11%, Overfitting = 0.00%
[INFO] [2025-04-17 15:37:12,145] [train_polygons.py:330] Current pathway weights: Parent=0.2516, Child=0.7484
[INFO] [2025-04-17 15:37:12,145] [train_polygons.py:333] Epoch 20/200: Train Loss = 2142.7652, Val Loss = 5777.6962, Avg RGB Distance = 120.01, Accuracy: Train = 15.97%, Val = 11.11%, Overfitting = 4.86%
[INFO] [2025-04-17 15:37:25,287] [train_polygons.py:330] Current pathway weights: Parent=0.2487, Child=0.7513
[INFO] [2025-04-17 15:37:25,287] [train_polygons.py:333] Epoch 21/200: Train Loss = 2051.7555, Val Loss = 5805.8548, Avg RGB Distance = 120.25, Accuracy: Train = 10.42%, Val = 11.11%, Overfitting = -0.69%
[INFO] [2025-04-17 15:37:37,655] [train_polygons.py:330] Current pathway weights: Parent=0.2461, Child=0.7539
[INFO] [2025-04-17 15:37:37,656] [train_polygons.py:333] Epoch 22/200: Train Loss = 1955.4502, Val Loss = 5908.6889, Avg RGB Distance = 121.40, Accuracy: Train = 12.50%, Val = 11.11%, Overfitting = 1.39%
[INFO] [2025-04-17 15:37:51,348] [train_polygons.py:330] Current pathway weights: Parent=0.2434, Child=0.7566
[INFO] [2025-04-17 15:37:51,349] [train_polygons.py:333] Epoch 23/200: Train Loss = 1777.1557, Val Loss = 5899.0907, Avg RGB Distance = 121.43, Accuracy: Train = 13.19%, Val = 8.33%, Overfitting = 4.86%
[INFO] [2025-04-17 15:38:06,616] [train_polygons.py:330] Current pathway weights: Parent=0.2411, Child=0.7589
[INFO] [2025-04-17 15:38:06,617] [train_polygons.py:333] Epoch 24/200: Train Loss = 1713.1436, Val Loss = 5968.4484, Avg RGB Distance = 121.85, Accuracy: Train = 12.50%, Val = 8.33%, Overfitting = 4.17%
[INFO] [2025-04-17 15:38:21,756] [train_polygons.py:330] Current pathway weights: Parent=0.2387, Child=0.7613
[INFO] [2025-04-17 15:38:21,757] [train_polygons.py:333] Epoch 25/200: Train Loss = 1662.8841, Val Loss = 6163.2470, Avg RGB Distance = 123.38, Accuracy: Train = 13.89%, Val = 8.33%, Overfitting = 5.56%
[INFO] [2025-04-17 15:38:37,782] [train_polygons.py:330] Current pathway weights: Parent=0.2362, Child=0.7638
[INFO] [2025-04-17 15:38:37,782] [train_polygons.py:333] Epoch 26/200: Train Loss = 1559.2263, Val Loss = 6169.0956, Avg RGB Distance = 123.43, Accuracy: Train = 15.97%, Val = 5.56%, Overfitting = 10.42%
[INFO] [2025-04-17 15:38:53,393] [train_polygons.py:330] Current pathway weights: Parent=0.2342, Child=0.7658
[INFO] [2025-04-17 15:38:53,394] [train_polygons.py:333] Epoch 27/200: Train Loss = 1493.9644, Val Loss = 6229.7737, Avg RGB Distance = 124.08, Accuracy: Train = 14.58%, Val = 8.33%, Overfitting = 6.25%
[INFO] [2025-04-17 15:39:08,865] [train_polygons.py:330] Current pathway weights: Parent=0.2320, Child=0.7680
[INFO] [2025-04-17 15:39:08,866] [train_polygons.py:333] Epoch 28/200: Train Loss = 1466.8631, Val Loss = 6308.5092, Avg RGB Distance = 124.57, Accuracy: Train = 17.36%, Val = 8.33%, Overfitting = 9.03%
[INFO] [2025-04-17 15:39:24,450] [train_polygons.py:330] Current pathway weights: Parent=0.2298, Child=0.7702
[INFO] [2025-04-17 15:39:24,451] [train_polygons.py:333] Epoch 29/200: Train Loss = 1357.0937, Val Loss = 6414.4590, Avg RGB Distance = 125.71, Accuracy: Train = 18.75%, Val = 5.56%, Overfitting = 13.19%
[INFO] [2025-04-17 15:39:39,998] [train_polygons.py:330] Current pathway weights: Parent=0.2275, Child=0.7725
[INFO] [2025-04-17 15:39:39,999] [train_polygons.py:333] Epoch 30/200: Train Loss = 1335.0916, Val Loss = 6413.8370, Avg RGB Distance = 125.34, Accuracy: Train = 16.67%, Val = 8.33%, Overfitting = 8.33%
[INFO] [2025-04-17 15:39:55,669] [train_polygons.py:330] Current pathway weights: Parent=0.2257, Child=0.7743
[INFO] [2025-04-17 15:39:55,670] [train_polygons.py:333] Epoch 31/200: Train Loss = 1186.0404, Val Loss = 6557.4017, Avg RGB Distance = 127.04, Accuracy: Train = 17.36%, Val = 2.78%, Overfitting = 14.58%
[INFO] [2025-04-17 15:40:11,328] [train_polygons.py:330] Current pathway weights: Parent=0.2242, Child=0.7758
[INFO] [2025-04-17 15:40:11,329] [train_polygons.py:333] Epoch 32/200: Train Loss = 1170.7850, Val Loss = 6443.0621, Avg RGB Distance = 125.76, Accuracy: Train = 17.36%, Val = 5.56%, Overfitting = 11.81%
[INFO] [2025-04-17 15:40:27,551] [train_polygons.py:330] Current pathway weights: Parent=0.2227, Child=0.7773
[INFO] [2025-04-17 15:40:27,551] [train_polygons.py:333] Epoch 33/200: Train Loss = 1085.7837, Val Loss = 6550.9828, Avg RGB Distance = 126.98, Accuracy: Train = 21.53%, Val = 2.78%, Overfitting = 18.75%
[INFO] [2025-04-17 15:40:42,714] [train_polygons.py:330] Current pathway weights: Parent=0.2206, Child=0.7794
[INFO] [2025-04-17 15:40:42,714] [train_polygons.py:333] Epoch 34/200: Train Loss = 1182.7689, Val Loss = 6640.8027, Avg RGB Distance = 127.58, Accuracy: Train = 22.92%, Val = 5.56%, Overfitting = 17.36%
[INFO] [2025-04-17 15:40:58,900] [train_polygons.py:330] Current pathway weights: Parent=0.2186, Child=0.7814
[INFO] [2025-04-17 15:40:58,900] [train_polygons.py:333] Epoch 35/200: Train Loss = 1081.1831, Val Loss = 6559.5601, Avg RGB Distance = 126.41, Accuracy: Train = 23.61%, Val = 8.33%, Overfitting = 15.28%
[INFO] [2025-04-17 15:41:15,348] [train_polygons.py:330] Current pathway weights: Parent=0.2164, Child=0.7836
[INFO] [2025-04-17 15:41:15,348] [train_polygons.py:333] Epoch 36/200: Train Loss = 996.7040, Val Loss = 6570.6085, Avg RGB Distance = 126.30, Accuracy: Train = 24.31%, Val = 2.78%, Overfitting = 21.53%
[INFO] [2025-04-17 15:41:30,808] [train_polygons.py:330] Current pathway weights: Parent=0.2143, Child=0.7857
[INFO] [2025-04-17 15:41:30,809] [train_polygons.py:333] Epoch 37/200: Train Loss = 959.3086, Val Loss = 6800.4360, Avg RGB Distance = 128.08, Accuracy: Train = 25.69%, Val = 8.33%, Overfitting = 17.36%
[INFO] [2025-04-17 15:41:46,690] [train_polygons.py:330] Current pathway weights: Parent=0.2130, Child=0.7870
[INFO] [2025-04-17 15:41:46,691] [train_polygons.py:333] Epoch 38/200: Train Loss = 956.7292, Val Loss = 6917.6245, Avg RGB Distance = 129.40, Accuracy: Train = 26.39%, Val = 8.33%, Overfitting = 18.06%
[INFO] [2025-04-17 15:42:02,356] [train_polygons.py:330] Current pathway weights: Parent=0.2117, Child=0.7883
[INFO] [2025-04-17 15:42:02,357] [train_polygons.py:333] Epoch 39/200: Train Loss = 928.0946, Val Loss = 6925.1665, Avg RGB Distance = 129.79, Accuracy: Train = 29.86%, Val = 5.56%, Overfitting = 24.31%
[INFO] [2025-04-17 15:42:17,964] [train_polygons.py:330] Current pathway weights: Parent=0.2100, Child=0.7900
[INFO] [2025-04-17 15:42:17,965] [train_polygons.py:333] Epoch 40/200: Train Loss = 903.2421, Val Loss = 6924.6273, Avg RGB Distance = 129.88, Accuracy: Train = 29.17%, Val = 5.56%, Overfitting = 23.61%
[INFO] [2025-04-17 15:42:34,034] [train_polygons.py:330] Current pathway weights: Parent=0.2081, Child=0.7919
[INFO] [2025-04-17 15:42:34,034] [train_polygons.py:333] Epoch 41/200: Train Loss = 856.5351, Val Loss = 6968.9126, Avg RGB Distance = 130.00, Accuracy: Train = 28.47%, Val = 5.56%, Overfitting = 22.92%
[INFO] [2025-04-17 15:42:49,180] [train_polygons.py:330] Current pathway weights: Parent=0.2060, Child=0.7940
[INFO] [2025-04-17 15:42:49,181] [train_polygons.py:333] Epoch 42/200: Train Loss = 781.7606, Val Loss = 7091.3918, Avg RGB Distance = 131.30, Accuracy: Train = 34.72%, Val = 5.56%, Overfitting = 29.17%
[INFO] [2025-04-17 15:43:04,666] [train_polygons.py:330] Current pathway weights: Parent=0.2047, Child=0.7953
[INFO] [2025-04-17 15:43:04,667] [train_polygons.py:333] Epoch 43/200: Train Loss = 821.7492, Val Loss = 7061.7263, Avg RGB Distance = 130.78, Accuracy: Train = 36.81%, Val = 8.33%, Overfitting = 28.47%
[INFO] [2025-04-17 15:43:19,934] [train_polygons.py:330] Current pathway weights: Parent=0.2036, Child=0.7964
[INFO] [2025-04-17 15:43:19,934] [train_polygons.py:333] Epoch 44/200: Train Loss = 801.7138, Val Loss = 7115.7536, Avg RGB Distance = 131.75, Accuracy: Train = 31.94%, Val = 8.33%, Overfitting = 23.61%
[INFO] [2025-04-17 15:43:35,429] [train_polygons.py:330] Current pathway weights: Parent=0.2020, Child=0.7980
[INFO] [2025-04-17 15:43:35,429] [train_polygons.py:333] Epoch 45/200: Train Loss = 749.9186, Val Loss = 7187.2699, Avg RGB Distance = 132.43, Accuracy: Train = 34.03%, Val = 8.33%, Overfitting = 25.69%
[INFO] [2025-04-17 15:43:50,739] [train_polygons.py:330] Current pathway weights: Parent=0.2003, Child=0.7997
[INFO] [2025-04-17 15:43:50,739] [train_polygons.py:333] Epoch 46/200: Train Loss = 717.9663, Val Loss = 7373.4969, Avg RGB Distance = 134.37, Accuracy: Train = 34.72%, Val = 8.33%, Overfitting = 26.39%
[INFO] [2025-04-17 15:44:06,335] [train_polygons.py:330] Current pathway weights: Parent=0.1993, Child=0.8007
[INFO] [2025-04-17 15:44:06,336] [train_polygons.py:333] Epoch 47/200: Train Loss = 742.0550, Val Loss = 7317.1054, Avg RGB Distance = 133.90, Accuracy: Train = 43.75%, Val = 2.78%, Overfitting = 40.97%
[INFO] [2025-04-17 15:44:21,360] [train_polygons.py:330] Current pathway weights: Parent=0.1986, Child=0.8014
[INFO] [2025-04-17 15:44:21,361] [train_polygons.py:333] Epoch 48/200: Train Loss = 740.9550, Val Loss = 7228.4518, Avg RGB Distance = 132.88, Accuracy: Train = 33.33%, Val = 8.33%, Overfitting = 25.00%
[INFO] [2025-04-17 15:44:37,341] [train_polygons.py:330] Current pathway weights: Parent=0.1977, Child=0.8023
[INFO] [2025-04-17 15:44:37,342] [train_polygons.py:333] Epoch 49/200: Train Loss = 716.1922, Val Loss = 7108.3664, Avg RGB Distance = 131.34, Accuracy: Train = 40.97%, Val = 8.33%, Overfitting = 32.64%
[INFO] [2025-04-17 15:44:52,571] [train_polygons.py:330] Current pathway weights: Parent=0.1963, Child=0.8037
[INFO] [2025-04-17 15:44:52,572] [train_polygons.py:333] Epoch 50/200: Train Loss = 688.0418, Val Loss = 7263.9728, Avg RGB Distance = 132.70, Accuracy: Train = 43.75%, Val = 5.56%, Overfitting = 38.19%
[INFO] [2025-04-17 15:45:10,596] [train_polygons.py:330] Current pathway weights: Parent=0.1948, Child=0.8052
[INFO] [2025-04-17 15:45:10,597] [train_polygons.py:333] Epoch 51/200: Train Loss = 712.5729, Val Loss = 7330.0170, Avg RGB Distance = 133.03, Accuracy: Train = 35.42%, Val = 8.33%, Overfitting = 27.08%
[INFO] [2025-04-17 15:45:28,244] [train_polygons.py:330] Current pathway weights: Parent=0.1935, Child=0.8065
[INFO] [2025-04-17 15:45:28,244] [train_polygons.py:333] Epoch 52/200: Train Loss = 625.1588, Val Loss = 7302.5410, Avg RGB Distance = 132.58, Accuracy: Train = 43.75%, Val = 8.33%, Overfitting = 35.42%
[INFO] [2025-04-17 15:45:46,159] [train_polygons.py:330] Current pathway weights: Parent=0.1921, Child=0.8079
[INFO] [2025-04-17 15:45:46,159] [train_polygons.py:333] Epoch 53/200: Train Loss = 632.1063, Val Loss = 7383.5728, Avg RGB Distance = 133.11, Accuracy: Train = 44.44%, Val = 8.33%, Overfitting = 36.11%
[INFO] [2025-04-17 15:46:02,934] [train_polygons.py:330] Current pathway weights: Parent=0.1913, Child=0.8087
[INFO] [2025-04-17 15:46:02,935] [train_polygons.py:333] Epoch 54/200: Train Loss = 642.8886, Val Loss = 7354.9653, Avg RGB Distance = 133.42, Accuracy: Train = 39.58%, Val = 8.33%, Overfitting = 31.25%
[INFO] [2025-04-17 15:46:21,140] [train_polygons.py:330] Current pathway weights: Parent=0.1903, Child=0.8097
[INFO] [2025-04-17 15:46:21,140] [train_polygons.py:333] Epoch 55/200: Train Loss = 585.2970, Val Loss = 7472.2103, Avg RGB Distance = 134.79, Accuracy: Train = 46.53%, Val = 5.56%, Overfitting = 40.97%
[INFO] [2025-04-17 15:46:37,800] [train_polygons.py:330] Current pathway weights: Parent=0.1887, Child=0.8113
[INFO] [2025-04-17 15:46:37,801] [train_polygons.py:333] Epoch 56/200: Train Loss = 566.8068, Val Loss = 7614.3512, Avg RGB Distance = 136.24, Accuracy: Train = 46.53%, Val = 8.33%, Overfitting = 38.19%
[INFO] [2025-04-17 15:46:55,322] [train_polygons.py:330] Current pathway weights: Parent=0.1879, Child=0.8121
[INFO] [2025-04-17 15:46:55,323] [train_polygons.py:333] Epoch 57/200: Train Loss = 622.4498, Val Loss = 7550.0831, Avg RGB Distance = 135.39, Accuracy: Train = 47.22%, Val = 8.33%, Overfitting = 38.89%
[INFO] [2025-04-17 15:47:12,389] [train_polygons.py:330] Current pathway weights: Parent=0.1869, Child=0.8131
[INFO] [2025-04-17 15:47:12,389] [train_polygons.py:333] Epoch 58/200: Train Loss = 672.1593, Val Loss = 7494.7611, Avg RGB Distance = 134.74, Accuracy: Train = 45.14%, Val = 8.33%, Overfitting = 36.81%
[INFO] [2025-04-17 15:47:29,246] [train_polygons.py:330] Current pathway weights: Parent=0.1862, Child=0.8138
[INFO] [2025-04-17 15:47:29,247] [train_polygons.py:333] Epoch 59/200: Train Loss = 602.0933, Val Loss = 7484.2209, Avg RGB Distance = 135.16, Accuracy: Train = 47.22%, Val = 8.33%, Overfitting = 38.89%
[INFO] [2025-04-17 15:47:47,168] [train_polygons.py:330] Current pathway weights: Parent=0.1850, Child=0.8150
[INFO] [2025-04-17 15:47:47,168] [train_polygons.py:333] Epoch 60/200: Train Loss = 566.7703, Val Loss = 7492.4633, Avg RGB Distance = 135.20, Accuracy: Train = 48.61%, Val = 5.56%, Overfitting = 43.06%
[INFO] [2025-04-17 15:48:03,891] [train_polygons.py:330] Current pathway weights: Parent=0.1838, Child=0.8162
[INFO] [2025-04-17 15:48:03,891] [train_polygons.py:333] Epoch 61/200: Train Loss = 614.9768, Val Loss = 7625.4730, Avg RGB Distance = 136.66, Accuracy: Train = 46.53%, Val = 5.56%, Overfitting = 40.97%
[INFO] [2025-04-17 15:48:21,407] [train_polygons.py:330] Current pathway weights: Parent=0.1830, Child=0.8170
[INFO] [2025-04-17 15:48:21,408] [train_polygons.py:333] Epoch 62/200: Train Loss = 588.7066, Val Loss = 7601.4084, Avg RGB Distance = 135.92, Accuracy: Train = 48.61%, Val = 8.33%, Overfitting = 40.28%
[INFO] [2025-04-17 15:48:38,045] [train_polygons.py:330] Current pathway weights: Parent=0.1823, Child=0.8177
[INFO] [2025-04-17 15:48:38,046] [train_polygons.py:333] Epoch 63/200: Train Loss = 504.9797, Val Loss = 7664.2607, Avg RGB Distance = 136.58, Accuracy: Train = 52.78%, Val = 11.11%, Overfitting = 41.67%
[INFO] [2025-04-17 15:48:55,647] [train_polygons.py:330] Current pathway weights: Parent=0.1816, Child=0.8184
[INFO] [2025-04-17 15:48:55,648] [train_polygons.py:333] Epoch 64/200: Train Loss = 563.5123, Val Loss = 7777.6122, Avg RGB Distance = 138.18, Accuracy: Train = 49.31%, Val = 5.56%, Overfitting = 43.75%
[INFO] [2025-04-17 15:49:12,654] [train_polygons.py:330] Current pathway weights: Parent=0.1806, Child=0.8194
[INFO] [2025-04-17 15:49:12,654] [train_polygons.py:333] Epoch 65/200: Train Loss = 537.6741, Val Loss = 7593.7265, Avg RGB Distance = 136.28, Accuracy: Train = 52.08%, Val = 5.56%, Overfitting = 46.53%
[INFO] [2025-04-17 15:49:29,604] [train_polygons.py:330] Current pathway weights: Parent=0.1799, Child=0.8201
[INFO] [2025-04-17 15:49:29,604] [train_polygons.py:333] Epoch 66/200: Train Loss = 548.0400, Val Loss = 7480.9518, Avg RGB Distance = 135.02, Accuracy: Train = 52.78%, Val = 8.33%, Overfitting = 44.44%
[INFO] [2025-04-17 15:49:47,066] [train_polygons.py:330] Current pathway weights: Parent=0.1792, Child=0.8208
[INFO] [2025-04-17 15:49:47,066] [train_polygons.py:333] Epoch 67/200: Train Loss = 517.4059, Val Loss = 7501.5002, Avg RGB Distance = 135.25, Accuracy: Train = 54.17%, Val = 8.33%, Overfitting = 45.83%
[INFO] [2025-04-17 15:50:03,817] [train_polygons.py:330] Current pathway weights: Parent=0.1784, Child=0.8216
[INFO] [2025-04-17 15:50:03,818] [train_polygons.py:333] Epoch 68/200: Train Loss = 498.6681, Val Loss = 7494.0668, Avg RGB Distance = 135.21, Accuracy: Train = 48.61%, Val = 8.33%, Overfitting = 40.28%
[INFO] [2025-04-17 15:50:21,960] [train_polygons.py:330] Current pathway weights: Parent=0.1774, Child=0.8226
[INFO] [2025-04-17 15:50:21,960] [train_polygons.py:333] Epoch 69/200: Train Loss = 467.2867, Val Loss = 7625.1267, Avg RGB Distance = 136.63, Accuracy: Train = 59.03%, Val = 8.33%, Overfitting = 50.69%
[INFO] [2025-04-17 15:50:38,695] [train_polygons.py:330] Current pathway weights: Parent=0.1765, Child=0.8235
[INFO] [2025-04-17 15:50:38,696] [train_polygons.py:333] Epoch 70/200: Train Loss = 597.8771, Val Loss = 7653.4377, Avg RGB Distance = 137.21, Accuracy: Train = 54.17%, Val = 11.11%, Overfitting = 43.06%
[INFO] [2025-04-17 15:50:56,047] [train_polygons.py:330] Current pathway weights: Parent=0.1759, Child=0.8241
[INFO] [2025-04-17 15:50:56,047] [train_polygons.py:333] Epoch 71/200: Train Loss = 429.1739, Val Loss = 7664.1989, Avg RGB Distance = 137.23, Accuracy: Train = 55.56%, Val = 5.56%, Overfitting = 50.00%
[INFO] [2025-04-17 15:51:13,163] [train_polygons.py:330] Current pathway weights: Parent=0.1752, Child=0.8248
[INFO] [2025-04-17 15:51:13,163] [train_polygons.py:333] Epoch 72/200: Train Loss = 479.9260, Val Loss = 7686.8732, Avg RGB Distance = 137.03, Accuracy: Train = 54.17%, Val = 11.11%, Overfitting = 43.06%
[INFO] [2025-04-17 15:51:30,173] [train_polygons.py:330] Current pathway weights: Parent=0.1744, Child=0.8256
[INFO] [2025-04-17 15:51:30,174] [train_polygons.py:333] Epoch 73/200: Train Loss = 456.5705, Val Loss = 7616.8423, Avg RGB Distance = 136.78, Accuracy: Train = 54.86%, Val = 5.56%, Overfitting = 49.31%
[INFO] [2025-04-17 15:51:48,355] [train_polygons.py:330] Current pathway weights: Parent=0.1738, Child=0.8262
[INFO] [2025-04-17 15:51:48,356] [train_polygons.py:333] Epoch 74/200: Train Loss = 493.6460, Val Loss = 7705.4954, Avg RGB Distance = 137.08, Accuracy: Train = 56.94%, Val = 8.33%, Overfitting = 48.61%
[INFO] [2025-04-17 15:52:09,563] [train_polygons.py:330] Current pathway weights: Parent=0.1731, Child=0.8269
[INFO] [2025-04-17 15:52:09,564] [train_polygons.py:333] Epoch 75/200: Train Loss = 412.5573, Val Loss = 7635.2674, Avg RGB Distance = 136.41, Accuracy: Train = 62.50%, Val = 8.33%, Overfitting = 54.17%
[INFO] [2025-04-17 15:52:28,903] [train_polygons.py:330] Current pathway weights: Parent=0.1723, Child=0.8277
[INFO] [2025-04-17 15:52:28,904] [train_polygons.py:333] Epoch 76/200: Train Loss = 384.6395, Val Loss = 7750.3530, Avg RGB Distance = 137.45, Accuracy: Train = 61.81%, Val = 8.33%, Overfitting = 53.47%
[INFO] [2025-04-17 15:52:45,125] [train_polygons.py:330] Current pathway weights: Parent=0.1715, Child=0.8285
[INFO] [2025-04-17 15:52:45,125] [train_polygons.py:333] Epoch 77/200: Train Loss = 368.5579, Val Loss = 7610.1758, Avg RGB Distance = 136.21, Accuracy: Train = 63.89%, Val = 8.33%, Overfitting = 55.56%
[INFO] [2025-04-17 15:53:01,818] [train_polygons.py:330] Current pathway weights: Parent=0.1712, Child=0.8288
[INFO] [2025-04-17 15:53:01,819] [train_polygons.py:333] Epoch 78/200: Train Loss = 444.3336, Val Loss = 7596.7692, Avg RGB Distance = 136.21, Accuracy: Train = 59.72%, Val = 8.33%, Overfitting = 51.39%
[INFO] [2025-04-17 15:53:18,561] [train_polygons.py:330] Current pathway weights: Parent=0.1702, Child=0.8298
[INFO] [2025-04-17 15:53:18,562] [train_polygons.py:333] Epoch 79/200: Train Loss = 430.8401, Val Loss = 7600.4668, Avg RGB Distance = 136.25, Accuracy: Train = 56.25%, Val = 8.33%, Overfitting = 47.92%
[INFO] [2025-04-17 15:53:35,417] [train_polygons.py:330] Current pathway weights: Parent=0.1694, Child=0.8306
[INFO] [2025-04-17 15:53:35,418] [train_polygons.py:333] Epoch 80/200: Train Loss = 386.8454, Val Loss = 7621.9983, Avg RGB Distance = 136.32, Accuracy: Train = 66.67%, Val = 5.56%, Overfitting = 61.11%
[INFO] [2025-04-17 15:53:53,316] [train_polygons.py:330] Current pathway weights: Parent=0.1689, Child=0.8311
[INFO] [2025-04-17 15:53:53,317] [train_polygons.py:333] Epoch 81/200: Train Loss = 365.5299, Val Loss = 7692.3851, Avg RGB Distance = 136.60, Accuracy: Train = 65.97%, Val = 8.33%, Overfitting = 57.64%
[INFO] [2025-04-17 15:54:09,369] [train_polygons.py:330] Current pathway weights: Parent=0.1685, Child=0.8315
[INFO] [2025-04-17 15:54:09,370] [train_polygons.py:333] Epoch 82/200: Train Loss = 369.6835, Val Loss = 7633.7586, Avg RGB Distance = 136.51, Accuracy: Train = 58.33%, Val = 5.56%, Overfitting = 52.78%
[INFO] [2025-04-17 15:54:25,059] [train_polygons.py:330] Current pathway weights: Parent=0.1681, Child=0.8319
[INFO] [2025-04-17 15:54:25,060] [train_polygons.py:333] Epoch 83/200: Train Loss = 378.3713, Val Loss = 7688.2252, Avg RGB Distance = 137.01, Accuracy: Train = 64.58%, Val = 8.33%, Overfitting = 56.25%
[INFO] [2025-04-17 15:54:40,245] [train_polygons.py:330] Current pathway weights: Parent=0.1674, Child=0.8326
[INFO] [2025-04-17 15:54:40,246] [train_polygons.py:333] Epoch 84/200: Train Loss = 397.8663, Val Loss = 7604.7958, Avg RGB Distance = 135.98, Accuracy: Train = 67.36%, Val = 8.33%, Overfitting = 59.03%
[INFO] [2025-04-17 15:54:56,688] [train_polygons.py:330] Current pathway weights: Parent=0.1665, Child=0.8335
[INFO] [2025-04-17 15:54:56,689] [train_polygons.py:333] Epoch 85/200: Train Loss = 393.4939, Val Loss = 7636.2389, Avg RGB Distance = 136.13, Accuracy: Train = 56.94%, Val = 8.33%, Overfitting = 48.61%
[INFO] [2025-04-17 15:55:12,810] [train_polygons.py:330] Current pathway weights: Parent=0.1654, Child=0.8346
[INFO] [2025-04-17 15:55:12,811] [train_polygons.py:333] Epoch 86/200: Train Loss = 366.0086, Val Loss = 7718.5690, Avg RGB Distance = 136.64, Accuracy: Train = 65.97%, Val = 8.33%, Overfitting = 57.64%
[INFO] [2025-04-17 15:55:28,641] [train_polygons.py:330] Current pathway weights: Parent=0.1651, Child=0.8349
[INFO] [2025-04-17 15:55:28,642] [train_polygons.py:333] Epoch 87/200: Train Loss = 373.0883, Val Loss = 7559.2922, Avg RGB Distance = 135.14, Accuracy: Train = 63.19%, Val = 8.33%, Overfitting = 54.86%
[INFO] [2025-04-17 15:55:43,708] [train_polygons.py:330] Current pathway weights: Parent=0.1651, Child=0.8349
[INFO] [2025-04-17 15:55:43,709] [train_polygons.py:333] Epoch 88/200: Train Loss = 424.5084, Val Loss = 7557.7348, Avg RGB Distance = 135.36, Accuracy: Train = 58.33%, Val = 8.33%, Overfitting = 50.00%
[INFO] [2025-04-17 15:55:59,931] [train_polygons.py:330] Current pathway weights: Parent=0.1647, Child=0.8353
[INFO] [2025-04-17 15:55:59,932] [train_polygons.py:333] Epoch 89/200: Train Loss = 338.8880, Val Loss = 7556.4454, Avg RGB Distance = 135.63, Accuracy: Train = 66.67%, Val = 8.33%, Overfitting = 58.33%
[INFO] [2025-04-17 15:56:15,669] [train_polygons.py:330] Current pathway weights: Parent=0.1641, Child=0.8359
[INFO] [2025-04-17 15:56:15,670] [train_polygons.py:333] Epoch 90/200: Train Loss = 379.1249, Val Loss = 7595.4096, Avg RGB Distance = 135.95, Accuracy: Train = 58.33%, Val = 8.33%, Overfitting = 50.00%
[INFO] [2025-04-17 15:56:31,175] [train_polygons.py:330] Current pathway weights: Parent=0.1638, Child=0.8362
[INFO] [2025-04-17 15:56:31,175] [train_polygons.py:333] Epoch 91/200: Train Loss = 375.0644, Val Loss = 7490.3391, Avg RGB Distance = 135.07, Accuracy: Train = 67.36%, Val = 5.56%, Overfitting = 61.81%
[INFO] [2025-04-17 15:56:46,382] [train_polygons.py:330] Current pathway weights: Parent=0.1634, Child=0.8366
[INFO] [2025-04-17 15:56:46,382] [train_polygons.py:333] Epoch 92/200: Train Loss = 349.8418, Val Loss = 7566.5551, Avg RGB Distance = 135.97, Accuracy: Train = 70.83%, Val = 5.56%, Overfitting = 65.28%
[INFO] [2025-04-17 15:57:01,981] [train_polygons.py:330] Current pathway weights: Parent=0.1627, Child=0.8373
[INFO] [2025-04-17 15:57:01,982] [train_polygons.py:333] Epoch 93/200: Train Loss = 351.0672, Val Loss = 7898.0104, Avg RGB Distance = 139.06, Accuracy: Train = 62.50%, Val = 8.33%, Overfitting = 54.17%
[INFO] [2025-04-17 15:57:16,923] [train_polygons.py:330] Current pathway weights: Parent=0.1620, Child=0.8380
[INFO] [2025-04-17 15:57:16,924] [train_polygons.py:333] Epoch 94/200: Train Loss = 344.4423, Val Loss = 7879.0848, Avg RGB Distance = 138.98, Accuracy: Train = 67.36%, Val = 5.56%, Overfitting = 61.81%
[INFO] [2025-04-17 15:57:32,594] [train_polygons.py:330] Current pathway weights: Parent=0.1618, Child=0.8382
[INFO] [2025-04-17 15:57:32,595] [train_polygons.py:333] Epoch 95/200: Train Loss = 341.1883, Val Loss = 7791.0139, Avg RGB Distance = 138.24, Accuracy: Train = 63.19%, Val = 5.56%, Overfitting = 57.64%
[INFO] [2025-04-17 15:57:47,561] [train_polygons.py:330] Current pathway weights: Parent=0.1616, Child=0.8384
[INFO] [2025-04-17 15:57:47,562] [train_polygons.py:333] Epoch 96/200: Train Loss = 348.5262, Val Loss = 7819.7706, Avg RGB Distance = 138.12, Accuracy: Train = 64.58%, Val = 5.56%, Overfitting = 59.03%
[INFO] [2025-04-17 15:58:03,015] [train_polygons.py:330] Current pathway weights: Parent=0.1616, Child=0.8384
[INFO] [2025-04-17 15:58:03,016] [train_polygons.py:333] Epoch 97/200: Train Loss = 342.0856, Val Loss = 7670.9706, Avg RGB Distance = 136.72, Accuracy: Train = 65.97%, Val = 5.56%, Overfitting = 60.42%
[INFO] [2025-04-17 15:58:18,498] [train_polygons.py:330] Current pathway weights: Parent=0.1614, Child=0.8386
[INFO] [2025-04-17 15:58:18,499] [train_polygons.py:333] Epoch 98/200: Train Loss = 350.7993, Val Loss = 7553.2674, Avg RGB Distance = 135.64, Accuracy: Train = 69.44%, Val = 5.56%, Overfitting = 63.89%
[INFO] [2025-04-17 15:58:34,286] [train_polygons.py:330] Current pathway weights: Parent=0.1607, Child=0.8393
[INFO] [2025-04-17 15:58:34,286] [train_polygons.py:333] Epoch 99/200: Train Loss = 334.9829, Val Loss = 7724.7989, Avg RGB Distance = 137.16, Accuracy: Train = 68.06%, Val = 8.33%, Overfitting = 59.72%
[INFO] [2025-04-17 15:58:49,436] [train_polygons.py:330] Current pathway weights: Parent=0.1603, Child=0.8397
[INFO] [2025-04-17 15:58:49,437] [train_polygons.py:333] Epoch 100/200: Train Loss = 324.3080, Val Loss = 7727.0573, Avg RGB Distance = 137.54, Accuracy: Train = 68.75%, Val = 5.56%, Overfitting = 63.19%
[INFO] [2025-04-17 15:59:05,178] [train_polygons.py:330] Current pathway weights: Parent=0.1596, Child=0.8404
[INFO] [2025-04-17 15:59:05,179] [train_polygons.py:333] Epoch 101/200: Train Loss = 315.6277, Val Loss = 7716.7683, Avg RGB Distance = 137.31, Accuracy: Train = 65.28%, Val = 5.56%, Overfitting = 59.72%
[INFO] [2025-04-17 15:59:20,688] [train_polygons.py:330] Current pathway weights: Parent=0.1591, Child=0.8409
[INFO] [2025-04-17 15:59:20,689] [train_polygons.py:333] Epoch 102/200: Train Loss = 321.6582, Val Loss = 7685.4702, Avg RGB Distance = 136.93, Accuracy: Train = 68.75%, Val = 8.33%, Overfitting = 60.42%
[INFO] [2025-04-17 15:59:36,382] [train_polygons.py:330] Current pathway weights: Parent=0.1585, Child=0.8415
[INFO] [2025-04-17 15:59:36,383] [train_polygons.py:333] Epoch 103/200: Train Loss = 287.0037, Val Loss = 7782.9314, Avg RGB Distance = 137.87, Accuracy: Train = 67.36%, Val = 8.33%, Overfitting = 59.03%
[INFO] [2025-04-17 15:59:51,364] [train_polygons.py:330] Current pathway weights: Parent=0.1587, Child=0.8413
[INFO] [2025-04-17 15:59:51,365] [train_polygons.py:333] Epoch 104/200: Train Loss = 340.4834, Val Loss = 7679.5992, Avg RGB Distance = 137.70, Accuracy: Train = 65.28%, Val = 5.56%, Overfitting = 59.72%
[INFO] [2025-04-17 16:00:07,109] [train_polygons.py:330] Current pathway weights: Parent=0.1583, Child=0.8417
[INFO] [2025-04-17 16:00:07,110] [train_polygons.py:333] Epoch 105/200: Train Loss = 314.6816, Val Loss = 7927.3224, Avg RGB Distance = 139.63, Accuracy: Train = 67.36%, Val = 11.11%, Overfitting = 56.25%
[INFO] [2025-04-17 16:00:24,029] [train_polygons.py:330] Current pathway weights: Parent=0.1586, Child=0.8414
[INFO] [2025-04-17 16:00:24,030] [train_polygons.py:333] Epoch 106/200: Train Loss = 322.6827, Val Loss = 7778.2614, Avg RGB Distance = 138.57, Accuracy: Train = 70.14%, Val = 8.33%, Overfitting = 61.81%
[INFO] [2025-04-17 16:00:39,791] [train_polygons.py:330] Current pathway weights: Parent=0.1581, Child=0.8419
[INFO] [2025-04-17 16:00:39,791] [train_polygons.py:333] Epoch 107/200: Train Loss = 309.6811, Val Loss = 7796.3482, Avg RGB Distance = 138.82, Accuracy: Train = 72.92%, Val = 8.33%, Overfitting = 64.58%
[INFO] [2025-04-17 16:00:55,352] [train_polygons.py:330] Current pathway weights: Parent=0.1574, Child=0.8426
[INFO] [2025-04-17 16:00:55,353] [train_polygons.py:333] Epoch 108/200: Train Loss = 296.3228, Val Loss = 7697.7713, Avg RGB Distance = 137.84, Accuracy: Train = 70.14%, Val = 8.33%, Overfitting = 61.81%
[INFO] [2025-04-17 16:01:10,455] [train_polygons.py:330] Current pathway weights: Parent=0.1569, Child=0.8431
[INFO] [2025-04-17 16:01:10,456] [train_polygons.py:333] Epoch 109/200: Train Loss = 298.3162, Val Loss = 7715.4578, Avg RGB Distance = 137.70, Accuracy: Train = 73.61%, Val = 8.33%, Overfitting = 65.28%
[INFO] [2025-04-17 16:01:26,552] [train_polygons.py:330] Current pathway weights: Parent=0.1570, Child=0.8430
[INFO] [2025-04-17 16:01:26,553] [train_polygons.py:333] Epoch 110/200: Train Loss = 302.9927, Val Loss = 7625.7047, Avg RGB Distance = 137.31, Accuracy: Train = 68.75%, Val = 5.56%, Overfitting = 63.19%
[INFO] [2025-04-17 16:01:41,629] [train_polygons.py:330] Current pathway weights: Parent=0.1565, Child=0.8435
[INFO] [2025-04-17 16:01:41,629] [train_polygons.py:333] Epoch 111/200: Train Loss = 272.5853, Val Loss = 7826.1015, Avg RGB Distance = 138.94, Accuracy: Train = 75.69%, Val = 5.56%, Overfitting = 70.14%
[INFO] [2025-04-17 16:01:57,209] [train_polygons.py:330] Current pathway weights: Parent=0.1558, Child=0.8442
[INFO] [2025-04-17 16:01:57,209] [train_polygons.py:333] Epoch 112/200: Train Loss = 248.3108, Val Loss = 7875.7741, Avg RGB Distance = 139.45, Accuracy: Train = 77.08%, Val = 5.56%, Overfitting = 71.53%
[INFO] [2025-04-17 16:02:12,377] [train_polygons.py:330] Current pathway weights: Parent=0.1554, Child=0.8446
[INFO] [2025-04-17 16:02:12,378] [train_polygons.py:333] Epoch 113/200: Train Loss = 279.1334, Val Loss = 7833.6874, Avg RGB Distance = 138.60, Accuracy: Train = 73.61%, Val = 8.33%, Overfitting = 65.28%
[INFO] [2025-04-17 16:02:27,925] [train_polygons.py:330] Current pathway weights: Parent=0.1556, Child=0.8444
[INFO] [2025-04-17 16:02:27,926] [train_polygons.py:333] Epoch 114/200: Train Loss = 252.8390, Val Loss = 7661.6525, Avg RGB Distance = 137.47, Accuracy: Train = 75.00%, Val = 5.56%, Overfitting = 69.44%
[INFO] [2025-04-17 16:02:43,685] [train_polygons.py:330] Current pathway weights: Parent=0.1556, Child=0.8444
[INFO] [2025-04-17 16:02:43,686] [train_polygons.py:333] Epoch 115/200: Train Loss = 264.8635, Val Loss = 7730.8358, Avg RGB Distance = 137.47, Accuracy: Train = 70.83%, Val = 8.33%, Overfitting = 62.50%
[INFO] [2025-04-17 16:02:59,503] [train_polygons.py:330] Current pathway weights: Parent=0.1549, Child=0.8451
[INFO] [2025-04-17 16:02:59,504] [train_polygons.py:333] Epoch 116/200: Train Loss = 292.5400, Val Loss = 7690.4846, Avg RGB Distance = 137.00, Accuracy: Train = 71.53%, Val = 5.56%, Overfitting = 65.97%
[INFO] [2025-04-17 16:03:14,455] [train_polygons.py:330] Current pathway weights: Parent=0.1546, Child=0.8454
[INFO] [2025-04-17 16:03:14,456] [train_polygons.py:333] Epoch 117/200: Train Loss = 259.6636, Val Loss = 7750.4084, Avg RGB Distance = 137.60, Accuracy: Train = 72.22%, Val = 11.11%, Overfitting = 61.11%
[INFO] [2025-04-17 16:03:29,894] [train_polygons.py:330] Current pathway weights: Parent=0.1545, Child=0.8455
[INFO] [2025-04-17 16:03:29,895] [train_polygons.py:333] Epoch 118/200: Train Loss = 271.4462, Val Loss = 7666.8645, Avg RGB Distance = 137.30, Accuracy: Train = 72.92%, Val = 8.33%, Overfitting = 64.58%
[INFO] [2025-04-17 16:03:44,846] [train_polygons.py:330] Current pathway weights: Parent=0.1548, Child=0.8452
[INFO] [2025-04-17 16:03:44,847] [train_polygons.py:333] Epoch 119/200: Train Loss = 246.1328, Val Loss = 7644.4626, Avg RGB Distance = 137.23, Accuracy: Train = 73.61%, Val = 5.56%, Overfitting = 68.06%
[INFO] [2025-04-17 16:04:00,433] [train_polygons.py:330] Current pathway weights: Parent=0.1541, Child=0.8459
[INFO] [2025-04-17 16:04:00,434] [train_polygons.py:333] Epoch 120/200: Train Loss = 249.5731, Val Loss = 7695.6841, Avg RGB Distance = 137.42, Accuracy: Train = 69.44%, Val = 5.56%, Overfitting = 63.89%
[INFO] [2025-04-17 16:04:15,490] [train_polygons.py:330] Current pathway weights: Parent=0.1533, Child=0.8467
[INFO] [2025-04-17 16:04:15,491] [train_polygons.py:333] Epoch 121/200: Train Loss = 223.3854, Val Loss = 7915.1875, Avg RGB Distance = 139.19, Accuracy: Train = 77.78%, Val = 8.33%, Overfitting = 69.44%
[INFO] [2025-04-17 16:04:30,899] [train_polygons.py:330] Current pathway weights: Parent=0.1528, Child=0.8472
[INFO] [2025-04-17 16:04:30,900] [train_polygons.py:333] Epoch 122/200: Train Loss = 288.0860, Val Loss = 7738.0891, Avg RGB Distance = 137.89, Accuracy: Train = 71.53%, Val = 8.33%, Overfitting = 63.19%
[INFO] [2025-04-17 16:04:45,810] [train_polygons.py:330] Current pathway weights: Parent=0.1525, Child=0.8475
[INFO] [2025-04-17 16:04:45,811] [train_polygons.py:333] Epoch 123/200: Train Loss = 258.3001, Val Loss = 7900.4730, Avg RGB Distance = 138.99, Accuracy: Train = 75.00%, Val = 8.33%, Overfitting = 66.67%
[INFO] [2025-04-17 16:05:01,489] [train_polygons.py:330] Current pathway weights: Parent=0.1529, Child=0.8471
[INFO] [2025-04-17 16:05:01,489] [train_polygons.py:333] Epoch 124/200: Train Loss = 266.8201, Val Loss = 7801.6457, Avg RGB Distance = 138.57, Accuracy: Train = 69.44%, Val = 8.33%, Overfitting = 61.11%
[INFO] [2025-04-17 16:05:17,063] [train_polygons.py:330] Current pathway weights: Parent=0.1527, Child=0.8473
[INFO] [2025-04-17 16:05:17,063] [train_polygons.py:333] Epoch 125/200: Train Loss = 298.1396, Val Loss = 7812.2028, Avg RGB Distance = 138.41, Accuracy: Train = 64.58%, Val = 8.33%, Overfitting = 56.25%
[INFO] [2025-04-17 16:05:32,683] [train_polygons.py:330] Current pathway weights: Parent=0.1528, Child=0.8472
[INFO] [2025-04-17 16:05:32,684] [train_polygons.py:333] Epoch 126/200: Train Loss = 260.2575, Val Loss = 7769.0817, Avg RGB Distance = 138.02, Accuracy: Train = 75.00%, Val = 8.33%, Overfitting = 66.67%
[INFO] [2025-04-17 16:05:47,681] [train_polygons.py:330] Current pathway weights: Parent=0.1521, Child=0.8479
[INFO] [2025-04-17 16:05:47,682] [train_polygons.py:333] Epoch 127/200: Train Loss = 250.5662, Val Loss = 7793.4990, Avg RGB Distance = 138.72, Accuracy: Train = 74.31%, Val = 8.33%, Overfitting = 65.97%
[INFO] [2025-04-17 16:06:03,061] [train_polygons.py:330] Current pathway weights: Parent=0.1517, Child=0.8483
[INFO] [2025-04-17 16:06:03,062] [train_polygons.py:333] Epoch 128/200: Train Loss = 264.5477, Val Loss = 7851.5544, Avg RGB Distance = 139.48, Accuracy: Train = 70.83%, Val = 8.33%, Overfitting = 62.50%
[INFO] [2025-04-17 16:06:18,552] [train_polygons.py:330] Current pathway weights: Parent=0.1517, Child=0.8483
[INFO] [2025-04-17 16:06:18,553] [train_polygons.py:333] Epoch 129/200: Train Loss = 244.2187, Val Loss = 7760.8879, Avg RGB Distance = 138.52, Accuracy: Train = 75.00%, Val = 8.33%, Overfitting = 66.67%
[INFO] [2025-04-17 16:06:34,308] [train_polygons.py:330] Current pathway weights: Parent=0.1516, Child=0.8484
[INFO] [2025-04-17 16:06:34,308] [train_polygons.py:333] Epoch 130/200: Train Loss = 230.6397, Val Loss = 7801.4805, Avg RGB Distance = 138.26, Accuracy: Train = 77.78%, Val = 8.33%, Overfitting = 69.44%
[INFO] [2025-04-17 16:06:49,440] [train_polygons.py:330] Current pathway weights: Parent=0.1514, Child=0.8486
[INFO] [2025-04-17 16:06:49,441] [train_polygons.py:333] Epoch 131/200: Train Loss = 219.8016, Val Loss = 7719.6303, Avg RGB Distance = 136.97, Accuracy: Train = 75.69%, Val = 8.33%, Overfitting = 67.36%
[INFO] [2025-04-17 16:07:05,100] [train_polygons.py:330] Current pathway weights: Parent=0.1511, Child=0.8489
[INFO] [2025-04-17 16:07:05,101] [train_polygons.py:333] Epoch 132/200: Train Loss = 256.2709, Val Loss = 7772.6413, Avg RGB Distance = 137.63, Accuracy: Train = 72.22%, Val = 8.33%, Overfitting = 63.89%
[INFO] [2025-04-17 16:07:20,172] [train_polygons.py:330] Current pathway weights: Parent=0.1512, Child=0.8488
[INFO] [2025-04-17 16:07:20,172] [train_polygons.py:333] Epoch 133/200: Train Loss = 232.2585, Val Loss = 7866.6321, Avg RGB Distance = 138.82, Accuracy: Train = 73.61%, Val = 8.33%, Overfitting = 65.28%
[INFO] [2025-04-17 16:07:35,628] [train_polygons.py:330] Current pathway weights: Parent=0.1508, Child=0.8492
[INFO] [2025-04-17 16:07:35,628] [train_polygons.py:333] Epoch 134/200: Train Loss = 243.1600, Val Loss = 7863.7273, Avg RGB Distance = 139.27, Accuracy: Train = 74.31%, Val = 5.56%, Overfitting = 68.75%
[INFO] [2025-04-17 16:07:50,660] [train_polygons.py:330] Current pathway weights: Parent=0.1512, Child=0.8488
[INFO] [2025-04-17 16:07:50,661] [train_polygons.py:333] Epoch 135/200: Train Loss = 231.6849, Val Loss = 7842.1446, Avg RGB Distance = 139.06, Accuracy: Train = 80.56%, Val = 8.33%, Overfitting = 72.22%
[INFO] [2025-04-17 16:08:06,290] [train_polygons.py:330] Current pathway weights: Parent=0.1512, Child=0.8488
[INFO] [2025-04-17 16:08:06,291] [train_polygons.py:333] Epoch 136/200: Train Loss = 248.1687, Val Loss = 7787.1153, Avg RGB Distance = 138.09, Accuracy: Train = 72.92%, Val = 8.33%, Overfitting = 64.58%
[INFO] [2025-04-17 16:08:21,604] [train_polygons.py:330] Current pathway weights: Parent=0.1507, Child=0.8493
[INFO] [2025-04-17 16:08:21,605] [train_polygons.py:333] Epoch 137/200: Train Loss = 219.3330, Val Loss = 7704.8270, Avg RGB Distance = 137.46, Accuracy: Train = 75.00%, Val = 8.33%, Overfitting = 66.67%
[INFO] [2025-04-17 16:08:37,490] [train_polygons.py:330] Current pathway weights: Parent=0.1507, Child=0.8493
[INFO] [2025-04-17 16:08:37,491] [train_polygons.py:333] Epoch 138/200: Train Loss = 265.2149, Val Loss = 7674.6457, Avg RGB Distance = 137.36, Accuracy: Train = 74.31%, Val = 8.33%, Overfitting = 65.97%
[INFO] [2025-04-17 16:08:52,682] [train_polygons.py:330] Current pathway weights: Parent=0.1504, Child=0.8496
[INFO] [2025-04-17 16:08:52,683] [train_polygons.py:333] Epoch 139/200: Train Loss = 263.2083, Val Loss = 7735.3081, Avg RGB Distance = 137.99, Accuracy: Train = 68.75%, Val = 8.33%, Overfitting = 60.42%
[INFO] [2025-04-17 16:09:08,140] [train_polygons.py:330] Current pathway weights: Parent=0.1506, Child=0.8494
[INFO] [2025-04-17 16:09:08,141] [train_polygons.py:333] Epoch 140/200: Train Loss = 247.5432, Val Loss = 7684.6386, Avg RGB Distance = 137.23, Accuracy: Train = 76.39%, Val = 8.33%, Overfitting = 68.06%
[INFO] [2025-04-17 16:09:23,372] [train_polygons.py:330] Current pathway weights: Parent=0.1505, Child=0.8495
[INFO] [2025-04-17 16:09:23,373] [train_polygons.py:333] Epoch 141/200: Train Loss = 219.0482, Val Loss = 7758.8913, Avg RGB Distance = 138.02, Accuracy: Train = 76.39%, Val = 8.33%, Overfitting = 68.06%
[INFO] [2025-04-17 16:09:38,637] [train_polygons.py:330] Current pathway weights: Parent=0.1506, Child=0.8494
[INFO] [2025-04-17 16:09:38,637] [train_polygons.py:333] Epoch 142/200: Train Loss = 190.5064, Val Loss = 7719.3344, Avg RGB Distance = 137.86, Accuracy: Train = 79.86%, Val = 8.33%, Overfitting = 71.53%
[INFO] [2025-04-17 16:09:53,633] [train_polygons.py:330] Current pathway weights: Parent=0.1511, Child=0.8489
[INFO] [2025-04-17 16:09:53,634] [train_polygons.py:333] Epoch 143/200: Train Loss = 206.0858, Val Loss = 7704.1280, Avg RGB Distance = 137.84, Accuracy: Train = 77.78%, Val = 8.33%, Overfitting = 69.44%
[INFO] [2025-04-17 16:10:09,254] [train_polygons.py:330] Current pathway weights: Parent=0.1514, Child=0.8486
[INFO] [2025-04-17 16:10:09,255] [train_polygons.py:333] Epoch 144/200: Train Loss = 200.8387, Val Loss = 7796.5348, Avg RGB Distance = 138.81, Accuracy: Train = 79.17%, Val = 8.33%, Overfitting = 70.83%
[INFO] [2025-04-17 16:10:25,068] [train_polygons.py:330] Current pathway weights: Parent=0.1510, Child=0.8490
[INFO] [2025-04-17 16:10:25,069] [train_polygons.py:333] Epoch 145/200: Train Loss = 221.0032, Val Loss = 7861.2336, Avg RGB Distance = 139.21, Accuracy: Train = 81.94%, Val = 8.33%, Overfitting = 73.61%
[INFO] [2025-04-17 16:10:40,307] [train_polygons.py:330] Current pathway weights: Parent=0.1507, Child=0.8493
[INFO] [2025-04-17 16:10:40,307] [train_polygons.py:333] Epoch 146/200: Train Loss = 194.8544, Val Loss = 7794.8410, Avg RGB Distance = 138.61, Accuracy: Train = 80.56%, Val = 8.33%, Overfitting = 72.22%
[INFO] [2025-04-17 16:10:55,486] [train_polygons.py:330] Current pathway weights: Parent=0.1504, Child=0.8496
[INFO] [2025-04-17 16:10:55,487] [train_polygons.py:333] Epoch 147/200: Train Loss = 207.6665, Val Loss = 7844.7689, Avg RGB Distance = 139.03, Accuracy: Train = 77.78%, Val = 8.33%, Overfitting = 69.44%
[INFO] [2025-04-17 16:11:10,909] [train_polygons.py:330] Current pathway weights: Parent=0.1501, Child=0.8499
[INFO] [2025-04-17 16:11:10,909] [train_polygons.py:333] Epoch 148/200: Train Loss = 263.4644, Val Loss = 7905.2126, Avg RGB Distance = 140.19, Accuracy: Train = 69.44%, Val = 5.56%, Overfitting = 63.89%
[INFO] [2025-04-17 16:11:26,651] [train_polygons.py:330] Current pathway weights: Parent=0.1495, Child=0.8505
[INFO] [2025-04-17 16:11:26,652] [train_polygons.py:333] Epoch 149/200: Train Loss = 202.7600, Val Loss = 7973.5080, Avg RGB Distance = 140.83, Accuracy: Train = 78.47%, Val = 8.33%, Overfitting = 70.14%
[INFO] [2025-04-17 16:11:41,890] [train_polygons.py:330] Current pathway weights: Parent=0.1498, Child=0.8502
[INFO] [2025-04-17 16:11:41,891] [train_polygons.py:333] Epoch 150/200: Train Loss = 234.3845, Val Loss = 7921.7484, Avg RGB Distance = 140.00, Accuracy: Train = 75.00%, Val = 8.33%, Overfitting = 66.67%
[INFO] [2025-04-17 16:11:57,324] [train_polygons.py:330] Current pathway weights: Parent=0.1504, Child=0.8496
[INFO] [2025-04-17 16:11:57,325] [train_polygons.py:333] Epoch 151/200: Train Loss = 216.6034, Val Loss = 7923.7345, Avg RGB Distance = 139.81, Accuracy: Train = 79.17%, Val = 5.56%, Overfitting = 73.61%
[INFO] [2025-04-17 16:12:12,523] [train_polygons.py:330] Current pathway weights: Parent=0.1507, Child=0.8493
[INFO] [2025-04-17 16:12:12,524] [train_polygons.py:333] Epoch 152/200: Train Loss = 196.9265, Val Loss = 7915.9253, Avg RGB Distance = 139.69, Accuracy: Train = 81.25%, Val = 8.33%, Overfitting = 72.92%
[INFO] [2025-04-17 16:12:28,175] [train_polygons.py:330] Current pathway weights: Parent=0.1503, Child=0.8497
[INFO] [2025-04-17 16:12:28,175] [train_polygons.py:333] Epoch 153/200: Train Loss = 218.7960, Val Loss = 7916.8913, Avg RGB Distance = 140.15, Accuracy: Train = 75.69%, Val = 5.56%, Overfitting = 70.14%
[INFO] [2025-04-17 16:12:43,323] [train_polygons.py:330] Current pathway weights: Parent=0.1504, Child=0.8496
[INFO] [2025-04-17 16:12:43,323] [train_polygons.py:333] Epoch 154/200: Train Loss = 191.9356, Val Loss = 7963.0930, Avg RGB Distance = 140.50, Accuracy: Train = 84.03%, Val = 8.33%, Overfitting = 75.69%
[INFO] [2025-04-17 16:12:58,752] [train_polygons.py:330] Current pathway weights: Parent=0.1502, Child=0.8498
[INFO] [2025-04-17 16:12:58,753] [train_polygons.py:333] Epoch 155/200: Train Loss = 218.3928, Val Loss = 7894.6722, Avg RGB Distance = 139.77, Accuracy: Train = 78.47%, Val = 8.33%, Overfitting = 70.14%
[INFO] [2025-04-17 16:13:13,640] [train_polygons.py:330] Current pathway weights: Parent=0.1504, Child=0.8496
[INFO] [2025-04-17 16:13:13,641] [train_polygons.py:333] Epoch 156/200: Train Loss = 222.7889, Val Loss = 7857.0110, Avg RGB Distance = 139.50, Accuracy: Train = 79.17%, Val = 5.56%, Overfitting = 73.61%
[INFO] [2025-04-17 16:13:28,881] [train_polygons.py:330] Current pathway weights: Parent=0.1506, Child=0.8494
[INFO] [2025-04-17 16:13:28,882] [train_polygons.py:333] Epoch 157/200: Train Loss = 196.7851, Val Loss = 7861.9852, Avg RGB Distance = 139.25, Accuracy: Train = 79.17%, Val = 8.33%, Overfitting = 70.83%
[INFO] [2025-04-17 16:13:43,929] [train_polygons.py:330] Current pathway weights: Parent=0.1516, Child=0.8484
[INFO] [2025-04-17 16:13:43,930] [train_polygons.py:333] Epoch 158/200: Train Loss = 220.2286, Val Loss = 7787.9463, Avg RGB Distance = 138.79, Accuracy: Train = 80.56%, Val = 8.33%, Overfitting = 72.22%
[INFO] [2025-04-17 16:13:59,775] [train_polygons.py:330] Current pathway weights: Parent=0.1517, Child=0.8483
[INFO] [2025-04-17 16:13:59,776] [train_polygons.py:333] Epoch 159/200: Train Loss = 194.8665, Val Loss = 7813.2900, Avg RGB Distance = 139.01, Accuracy: Train = 80.56%, Val = 8.33%, Overfitting = 72.22%
[INFO] [2025-04-17 16:14:15,067] [train_polygons.py:330] Current pathway weights: Parent=0.1511, Child=0.8489
[INFO] [2025-04-17 16:14:15,068] [train_polygons.py:333] Epoch 160/200: Train Loss = 231.0505, Val Loss = 7977.9456, Avg RGB Distance = 140.23, Accuracy: Train = 77.78%, Val = 8.33%, Overfitting = 69.44%
[INFO] [2025-04-17 16:14:30,869] [train_polygons.py:330] Current pathway weights: Parent=0.1510, Child=0.8490
[INFO] [2025-04-17 16:14:30,869] [train_polygons.py:333] Epoch 161/200: Train Loss = 218.0937, Val Loss = 7921.6586, Avg RGB Distance = 139.72, Accuracy: Train = 75.00%, Val = 8.33%, Overfitting = 66.67%
[INFO] [2025-04-17 16:14:45,955] [train_polygons.py:330] Current pathway weights: Parent=0.1510, Child=0.8490
[INFO] [2025-04-17 16:14:45,956] [train_polygons.py:333] Epoch 162/200: Train Loss = 205.7851, Val Loss = 7737.8918, Avg RGB Distance = 138.17, Accuracy: Train = 78.47%, Val = 8.33%, Overfitting = 70.14%
[INFO] [2025-04-17 16:15:01,374] [train_polygons.py:330] Current pathway weights: Parent=0.1511, Child=0.8489
[INFO] [2025-04-17 16:15:01,375] [train_polygons.py:333] Epoch 163/200: Train Loss = 225.1969, Val Loss = 7687.7182, Avg RGB Distance = 138.05, Accuracy: Train = 75.69%, Val = 5.56%, Overfitting = 70.14%
[INFO] [2025-04-17 16:15:17,032] [train_polygons.py:330] Current pathway weights: Parent=0.1506, Child=0.8494
[INFO] [2025-04-17 16:15:17,032] [train_polygons.py:333] Epoch 164/200: Train Loss = 227.6143, Val Loss = 7637.1880, Avg RGB Distance = 137.15, Accuracy: Train = 78.47%, Val = 5.56%, Overfitting = 72.92%
[INFO] [2025-04-17 16:15:32,266] [train_polygons.py:330] Current pathway weights: Parent=0.1499, Child=0.8501
[INFO] [2025-04-17 16:15:32,267] [train_polygons.py:333] Epoch 165/200: Train Loss = 247.7821, Val Loss = 7745.5320, Avg RGB Distance = 137.71, Accuracy: Train = 77.78%, Val = 11.11%, Overfitting = 66.67%
[INFO] [2025-04-17 16:15:48,561] [train_polygons.py:330] Current pathway weights: Parent=0.1493, Child=0.8507
[INFO] [2025-04-17 16:15:48,562] [train_polygons.py:333] Epoch 166/200: Train Loss = 191.1123, Val Loss = 7786.2922, Avg RGB Distance = 137.96, Accuracy: Train = 80.56%, Val = 8.33%, Overfitting = 72.22%
[INFO] [2025-04-17 16:16:04,610] [train_polygons.py:330] Current pathway weights: Parent=0.1494, Child=0.8506
[INFO] [2025-04-17 16:16:04,610] [train_polygons.py:333] Epoch 167/200: Train Loss = 195.3036, Val Loss = 7750.9743, Avg RGB Distance = 137.94, Accuracy: Train = 80.56%, Val = 5.56%, Overfitting = 75.00%
[INFO] [2025-04-17 16:16:20,567] [train_polygons.py:330] Current pathway weights: Parent=0.1495, Child=0.8505
[INFO] [2025-04-17 16:16:20,567] [train_polygons.py:333] Epoch 168/200: Train Loss = 177.5535, Val Loss = 7784.3161, Avg RGB Distance = 137.89, Accuracy: Train = 77.78%, Val = 5.56%, Overfitting = 72.22%
[INFO] [2025-04-17 16:16:36,226] [train_polygons.py:330] Current pathway weights: Parent=0.1501, Child=0.8499
[INFO] [2025-04-17 16:16:36,227] [train_polygons.py:333] Epoch 169/200: Train Loss = 203.5159, Val Loss = 7822.6719, Avg RGB Distance = 138.49, Accuracy: Train = 79.86%, Val = 8.33%, Overfitting = 71.53%
[INFO] [2025-04-17 16:16:52,906] [train_polygons.py:330] Current pathway weights: Parent=0.1503, Child=0.8497
[INFO] [2025-04-17 16:16:52,907] [train_polygons.py:333] Epoch 170/200: Train Loss = 182.9490, Val Loss = 7819.8152, Avg RGB Distance = 138.65, Accuracy: Train = 81.25%, Val = 8.33%, Overfitting = 72.92%
[INFO] [2025-04-17 16:17:08,953] [train_polygons.py:330] Current pathway weights: Parent=0.1502, Child=0.8498
[INFO] [2025-04-17 16:17:08,954] [train_polygons.py:333] Epoch 171/200: Train Loss = 190.8735, Val Loss = 7950.4158, Avg RGB Distance = 139.90, Accuracy: Train = 79.86%, Val = 8.33%, Overfitting = 71.53%
[INFO] [2025-04-17 16:17:24,535] [train_polygons.py:330] Current pathway weights: Parent=0.1502, Child=0.8498
[INFO] [2025-04-17 16:17:24,536] [train_polygons.py:333] Epoch 172/200: Train Loss = 179.6895, Val Loss = 7991.6284, Avg RGB Distance = 140.42, Accuracy: Train = 84.03%, Val = 5.56%, Overfitting = 78.47%
[INFO] [2025-04-17 16:17:39,783] [train_polygons.py:330] Current pathway weights: Parent=0.1501, Child=0.8499
[INFO] [2025-04-17 16:17:39,783] [train_polygons.py:333] Epoch 173/200: Train Loss = 214.9394, Val Loss = 8083.3156, Avg RGB Distance = 141.05, Accuracy: Train = 77.78%, Val = 5.56%, Overfitting = 72.22%
[INFO] [2025-04-17 16:17:55,314] [train_polygons.py:330] Current pathway weights: Parent=0.1504, Child=0.8496
[INFO] [2025-04-17 16:17:55,315] [train_polygons.py:333] Epoch 174/200: Train Loss = 191.2832, Val Loss = 7992.7527, Avg RGB Distance = 140.42, Accuracy: Train = 84.72%, Val = 5.56%, Overfitting = 79.17%
[INFO] [2025-04-17 16:18:10,518] [train_polygons.py:330] Current pathway weights: Parent=0.1501, Child=0.8499
[INFO] [2025-04-17 16:18:10,519] [train_polygons.py:333] Epoch 175/200: Train Loss = 184.9141, Val Loss = 7870.9660, Avg RGB Distance = 139.35, Accuracy: Train = 80.56%, Val = 8.33%, Overfitting = 72.22%
[INFO] [2025-04-17 16:18:25,852] [train_polygons.py:330] Current pathway weights: Parent=0.1502, Child=0.8498
[INFO] [2025-04-17 16:18:25,852] [train_polygons.py:333] Epoch 176/200: Train Loss = 183.4246, Val Loss = 7650.8802, Avg RGB Distance = 137.16, Accuracy: Train = 79.17%, Val = 8.33%, Overfitting = 70.83%
[INFO] [2025-04-17 16:18:40,938] [train_polygons.py:330] Current pathway weights: Parent=0.1501, Child=0.8499
[INFO] [2025-04-17 16:18:40,939] [train_polygons.py:333] Epoch 177/200: Train Loss = 160.0918, Val Loss = 7770.8061, Avg RGB Distance = 138.20, Accuracy: Train = 84.72%, Val = 8.33%, Overfitting = 76.39%
[INFO] [2025-04-17 16:18:56,375] [train_polygons.py:330] Current pathway weights: Parent=0.1501, Child=0.8499
[INFO] [2025-04-17 16:18:56,376] [train_polygons.py:333] Epoch 178/200: Train Loss = 196.1582, Val Loss = 7828.7901, Avg RGB Distance = 138.81, Accuracy: Train = 77.78%, Val = 8.33%, Overfitting = 69.44%
[INFO] [2025-04-17 16:19:11,694] [train_polygons.py:330] Current pathway weights: Parent=0.1500, Child=0.8500
[INFO] [2025-04-17 16:19:11,694] [train_polygons.py:333] Epoch 179/200: Train Loss = 182.4608, Val Loss = 7788.9426, Avg RGB Distance = 138.24, Accuracy: Train = 86.11%, Val = 8.33%, Overfitting = 77.78%
[INFO] [2025-04-17 16:19:26,969] [train_polygons.py:330] Current pathway weights: Parent=0.1502, Child=0.8498
[INFO] [2025-04-17 16:19:26,969] [train_polygons.py:333] Epoch 180/200: Train Loss = 230.6063, Val Loss = 7687.3242, Avg RGB Distance = 137.04, Accuracy: Train = 79.17%, Val = 8.33%, Overfitting = 70.83%
[INFO] [2025-04-17 16:19:42,163] [train_polygons.py:330] Current pathway weights: Parent=0.1501, Child=0.8499
[INFO] [2025-04-17 16:19:42,163] [train_polygons.py:333] Epoch 181/200: Train Loss = 215.3606, Val Loss = 7779.3028, Avg RGB Distance = 137.71, Accuracy: Train = 83.33%, Val = 8.33%, Overfitting = 75.00%
[INFO] [2025-04-17 16:19:57,845] [train_polygons.py:330] Current pathway weights: Parent=0.1502, Child=0.8498
[INFO] [2025-04-17 16:19:57,845] [train_polygons.py:333] Epoch 182/200: Train Loss = 203.6746, Val Loss = 7904.6704, Avg RGB Distance = 138.75, Accuracy: Train = 81.94%, Val = 8.33%, Overfitting = 73.61%
[INFO] [2025-04-17 16:20:13,659] [train_polygons.py:330] Current pathway weights: Parent=0.1512, Child=0.8488
[INFO] [2025-04-17 16:20:13,660] [train_polygons.py:333] Epoch 183/200: Train Loss = 176.7297, Val Loss = 7882.7586, Avg RGB Distance = 138.60, Accuracy: Train = 87.50%, Val = 8.33%, Overfitting = 79.17%
[INFO] [2025-04-17 16:20:29,517] [train_polygons.py:330] Current pathway weights: Parent=0.1515, Child=0.8485
[INFO] [2025-04-17 16:20:29,518] [train_polygons.py:333] Epoch 184/200: Train Loss = 178.6736, Val Loss = 7791.0595, Avg RGB Distance = 137.92, Accuracy: Train = 84.03%, Val = 8.33%, Overfitting = 75.69%
[INFO] [2025-04-17 16:20:44,881] [train_polygons.py:330] Current pathway weights: Parent=0.1511, Child=0.8489
[INFO] [2025-04-17 16:20:44,882] [train_polygons.py:333] Epoch 185/200: Train Loss = 182.2298, Val Loss = 7870.8856, Avg RGB Distance = 138.67, Accuracy: Train = 83.33%, Val = 8.33%, Overfitting = 75.00%
[INFO] [2025-04-17 16:21:00,915] [train_polygons.py:330] Current pathway weights: Parent=0.1506, Child=0.8494
[INFO] [2025-04-17 16:21:00,916] [train_polygons.py:333] Epoch 186/200: Train Loss = 156.0660, Val Loss = 7846.3881, Avg RGB Distance = 138.86, Accuracy: Train = 82.64%, Val = 8.33%, Overfitting = 74.31%
[INFO] [2025-04-17 16:21:16,927] [train_polygons.py:330] Current pathway weights: Parent=0.1500, Child=0.8500
[INFO] [2025-04-17 16:21:16,928] [train_polygons.py:333] Epoch 187/200: Train Loss = 198.9835, Val Loss = 7916.7176, Avg RGB Distance = 139.64, Accuracy: Train = 79.17%, Val = 8.33%, Overfitting = 70.83%
[INFO] [2025-04-17 16:21:32,661] [train_polygons.py:330] Current pathway weights: Parent=0.1501, Child=0.8499
[INFO] [2025-04-17 16:21:32,662] [train_polygons.py:333] Epoch 188/200: Train Loss = 225.6657, Val Loss = 7746.0189, Avg RGB Distance = 137.97, Accuracy: Train = 78.47%, Val = 2.78%, Overfitting = 75.69%
[INFO] [2025-04-17 16:21:47,883] [train_polygons.py:330] Current pathway weights: Parent=0.1512, Child=0.8488
[INFO] [2025-04-17 16:21:47,884] [train_polygons.py:333] Epoch 189/200: Train Loss = 204.6961, Val Loss = 7686.6751, Avg RGB Distance = 137.38, Accuracy: Train = 84.03%, Val = 5.56%, Overfitting = 78.47%
[INFO] [2025-04-17 16:22:03,535] [train_polygons.py:330] Current pathway weights: Parent=0.1507, Child=0.8493
[INFO] [2025-04-17 16:22:03,536] [train_polygons.py:333] Epoch 190/200: Train Loss = 169.8847, Val Loss = 7964.4609, Avg RGB Distance = 140.02, Accuracy: Train = 85.42%, Val = 8.33%, Overfitting = 77.08%
[INFO] [2025-04-17 16:22:19,475] [train_polygons.py:330] Current pathway weights: Parent=0.1513, Child=0.8487
[INFO] [2025-04-17 16:22:19,475] [train_polygons.py:333] Epoch 191/200: Train Loss = 180.9307, Val Loss = 7957.4284, Avg RGB Distance = 140.02, Accuracy: Train = 82.64%, Val = 8.33%, Overfitting = 74.31%
[INFO] [2025-04-17 16:22:37,992] [train_polygons.py:330] Current pathway weights: Parent=0.1513, Child=0.8487
[INFO] [2025-04-17 16:22:37,993] [train_polygons.py:333] Epoch 192/200: Train Loss = 204.4816, Val Loss = 7851.3965, Avg RGB Distance = 138.93, Accuracy: Train = 79.86%, Val = 8.33%, Overfitting = 71.53%
[INFO] [2025-04-17 16:22:54,797] [train_polygons.py:330] Current pathway weights: Parent=0.1513, Child=0.8487
[INFO] [2025-04-17 16:22:54,798] [train_polygons.py:333] Epoch 193/200: Train Loss = 177.7380, Val Loss = 7780.0024, Avg RGB Distance = 138.27, Accuracy: Train = 84.03%, Val = 8.33%, Overfitting = 75.69%
[INFO] [2025-04-17 16:23:10,543] [train_polygons.py:330] Current pathway weights: Parent=0.1520, Child=0.8480
[INFO] [2025-04-17 16:23:10,544] [train_polygons.py:333] Epoch 194/200: Train Loss = 179.4032, Val Loss = 7771.5287, Avg RGB Distance = 138.18, Accuracy: Train = 84.72%, Val = 8.33%, Overfitting = 76.39%
[INFO] [2025-04-17 16:23:26,070] [train_polygons.py:330] Current pathway weights: Parent=0.1514, Child=0.8486
[INFO] [2025-04-17 16:23:26,071] [train_polygons.py:333] Epoch 195/200: Train Loss = 152.6524, Val Loss = 7882.5653, Avg RGB Distance = 139.33, Accuracy: Train = 87.50%, Val = 8.33%, Overfitting = 79.17%
[INFO] [2025-04-17 16:23:41,373] [train_polygons.py:330] Current pathway weights: Parent=0.1518, Child=0.8482
[INFO] [2025-04-17 16:23:41,373] [train_polygons.py:333] Epoch 196/200: Train Loss = 144.7555, Val Loss = 7927.7168, Avg RGB Distance = 139.59, Accuracy: Train = 86.81%, Val = 8.33%, Overfitting = 78.47%
[INFO] [2025-04-17 16:23:57,132] [train_polygons.py:330] Current pathway weights: Parent=0.1526, Child=0.8474
[INFO] [2025-04-17 16:23:57,133] [train_polygons.py:333] Epoch 197/200: Train Loss = 163.4878, Val Loss = 7787.4384, Avg RGB Distance = 138.31, Accuracy: Train = 83.33%, Val = 8.33%, Overfitting = 75.00%
[INFO] [2025-04-17 16:24:12,210] [train_polygons.py:330] Current pathway weights: Parent=0.1529, Child=0.8471
[INFO] [2025-04-17 16:24:12,211] [train_polygons.py:333] Epoch 198/200: Train Loss = 161.3741, Val Loss = 7714.3621, Avg RGB Distance = 137.77, Accuracy: Train = 84.72%, Val = 8.33%, Overfitting = 76.39%
[INFO] [2025-04-17 16:24:27,669] [train_polygons.py:330] Current pathway weights: Parent=0.1525, Child=0.8475
[INFO] [2025-04-17 16:24:27,670] [train_polygons.py:333] Epoch 199/200: Train Loss = 140.8777, Val Loss = 7679.2586, Avg RGB Distance = 138.17, Accuracy: Train = 88.89%, Val = 8.33%, Overfitting = 80.56%
[INFO] [2025-04-17 16:24:42,876] [train_polygons.py:330] Current pathway weights: Parent=0.1522, Child=0.8478
[INFO] [2025-04-17 16:24:42,876] [train_polygons.py:333] Epoch 200/200: Train Loss = 201.3015, Val Loss = 7962.1561, Avg RGB Distance = 140.86, Accuracy: Train = 78.47%, Val = 8.33%, Overfitting = 70.14%
[INFO] [2025-04-17 16:24:42,877] [train_polygons.py:341] Final learned pathway weights: Parent=0.1522, Child=0.8478
[INFO] [2025-04-17 16:24:42,877] [train_polygons.py:439] Training complete after 50 epochs (intentionally allowing overfitting)
[INFO] [2025-04-17 16:24:42,892] [train_polygons.py:444] Saved text-only RGB model weights to: C:\Users\raman\OneDrive\Documents\GitHub\color_picker_model\rgb_model_text_only_weights.pth
[INFO] [2025-04-17 16:24:42,893] [train_polygons.py:457] Saved model architecture information to: C:\Users\raman\OneDrive\Documents\GitHub\color_picker_model\rgb_model_text_only_info.json
